# hmmsearch :: search profile(s) against a sequence database
# HMMER 3.0 (March 2010); http://hmmer.org/
# Copyright (C) 2010 Howard Hughes Medical Institute.
# Freely distributed under the GNU General Public License (GPLv3).
# - - - - - - - - - - - - - - - - - - - - - - - - - - - - - - - - - - - -
# query HMM file:                  AntiFam_Archaea.hmm
# target sequence database:        /lustre/scratch103/sanger/pfam-pipe/pfamseq27/pfamseq
# show alignments in output:       no
# sequence reporting threshold:    E-value <= 0.01
# domain reporting threshold:      E-value <= 0.01
# - - - - - - - - - - - - - - - - - - - - - - - - - - - - - - - - - - - -

Query:       Spurious_ORF_11  [M=25]
Accession:   ANF00011
Description: tRNA translation
Scores for complete sequences (score includes all domains):
   --- full sequence ---   --- best 1 domain ---    -#dom-
    E-value  score  bias    E-value  score  bias    exp  N  Sequence Description
    ------- ------ -----    ------- ------ -----   ---- --  -------- -----------
    2.3e-16   69.0  31.7       0.81   19.7   0.1    8.0  7  A7SIC5.1 A7SIC5_NEMVE Predicted protein
    8.3e-09   45.0  10.9    1.5e+02   12.5   0.1    4.3  4  D7EK59.1 D7EK59_TRICA Putative uncharacterized protein
     0.0013   28.5   8.8         10   16.2   0.9    2.4  2  Q22E32.1 Q22E32_TETTS Putative uncharacterized protein
      0.003   27.4   5.8       0.19   21.7   2.4    2.6  2  Q9YF21.1 Q9YF21_AERPE Putative uncharacterized protein
     0.0053   26.6   0.0      0.026   24.4   0.0    2.0  1  D4Z9T7.1 D4Z9T7_BPAR1 Putative uncharacterized protein ar1_1
      0.007   26.2   4.6       0.45   20.5   0.2    2.4  2  Q2FX82.1 Q2FX82_STAA8 Putative uncharacterized protein
     0.0088   25.9   1.7      0.019   24.9   1.2    1.6  1  A4WZ94.1 A4WZ94_RHOS5 Putative uncharacterized protein


Domain annotation for each sequence:
>> A7SIC5.1  A7SIC5_NEMVE Predicted protein
   #    score  bias  c-Evalue  i-Evalue hmmfrom  hmm to    alifrom  ali to    envfrom  env to     acc
 ---   ------ ----- --------- --------- ------- -------    ------- -------    ------- -------    ----
   1 !    8.5   0.1   0.00086   2.8e+03       2      17 ..     158     173 ..     158     173 .. 0.85
   2 !    7.6   0.3    0.0016   5.3e+03       7      25 .]     267     285 ..     265     285 .. 0.97
   3 !   15.9   0.5   3.8e-06        13       2      25 .]     400     423 ..     400     423 .. 0.91
   4 !   13.0   0.2   3.2e-05   1.1e+02       7      25 .]    1052    1070 ..    1052    1070 .. 0.97
   5 !    9.8   0.1   0.00031     1e+03       7      25 .]    1136    1154 ..    1136    1154 .. 0.94
   6 !   19.7   0.1   2.5e-07      0.81       2      25 .]    1165    1188 ..    1165    1188 .. 0.91
   7 !   13.0   0.2   3.2e-05   1.1e+02       7      25 .]    1239    1257 ..    1239    1257 .. 0.97

>> D7EK59.1  D7EK59_TRICA Putative uncharacterized protein
   #    score  bias  c-Evalue  i-Evalue hmmfrom  hmm to    alifrom  ali to    envfrom  env to     acc
 ---   ------ ----- --------- --------- ------- -------    ------- -------    ------- -------    ----
   1 !   12.5   0.1   4.4e-05   1.5e+02       5      15 ..      35      45 ..      34      47 .. 0.92
   2 !   12.5   0.1   4.4e-05   1.5e+02       5      15 ..      64      74 ..      63      76 .. 0.92
   3 !   12.5   0.1   4.4e-05   1.5e+02       5      15 ..      93     103 ..      92     105 .. 0.92
   4 !   12.5   0.1   4.4e-05   1.5e+02       5      15 ..     122     132 ..     121     134 .. 0.92

>> Q22E32.1  Q22E32_TETTS Putative uncharacterized protein
   #    score  bias  c-Evalue  i-Evalue hmmfrom  hmm to    alifrom  ali to    envfrom  env to     acc
 ---   ------ ----- --------- --------- ------- -------    ------- -------    ------- -------    ----
   1 !   16.2   0.9     3e-06        10       6      25 .]     723     742 ..     721     742 .. 0.93
   2 !   16.2   0.8   3.1e-06        10       6      25 .]     752     771 ..     751     771 .. 0.93

>> Q9YF21.1  Q9YF21_AERPE Putative uncharacterized protein
   #    score  bias  c-Evalue  i-Evalue hmmfrom  hmm to    alifrom  ali to    envfrom  env to     acc
 ---   ------ ----- --------- --------- ------- -------    ------- -------    ------- -------    ----
   1 !   21.7   2.4   5.9e-08      0.19       1      13 [.      22      34 ..      22      40 .. 0.95
   2 !    5.7   0.0    0.0062   2.1e+04      13      20 ..      50      57 ..      49      58 .] 0.89

>> D4Z9T7.1  D4Z9T7_BPAR1 Putative uncharacterized protein ar1_141
   #    score  bias  c-Evalue  i-Evalue hmmfrom  hmm to    alifrom  ali to    envfrom  env to     acc
 ---   ------ ----- --------- --------- ------- -------    ------- -------    ------- -------    ----
   1 !   24.4   0.0     8e-09     0.026       5      25 .]      56      76 ..      53      76 .. 0.92

>> Q2FX82.1  Q2FX82_STAA8 Putative uncharacterized protein
   #    score  bias  c-Evalue  i-Evalue hmmfrom  hmm to    alifrom  ali to    envfrom  env to     acc
 ---   ------ ----- --------- --------- ------- -------    ------- -------    ------- -------    ----
   1 !    7.2   0.4    0.0022   7.2e+03       3      10 ..      31      38 ..      30      39 .. 0.89
   2 !   20.5   0.2   1.4e-07      0.45       2      20 ..      63      81 ..      63      82 .] 0.94

>> A4WZ94.1  A4WZ94_RHOS5 Putative uncharacterized protein
   #    score  bias  c-Evalue  i-Evalue hmmfrom  hmm to    alifrom  ali to    envfrom  env to     acc
 ---   ------ ----- --------- --------- ------- -------    ------- -------    ------- -------    ----
   1 !   24.9   1.2   5.6e-09     0.019       1      20 [.     526     545 ..     526     546 .] 0.96



Internal pipeline statistics summary:
-------------------------------------
Query model(s):                            1  (25 nodes)
Target sequences:                   23193494  (7597456855 residues)
Passed MSV filter:                    442263  (0.0190684); expected 463869.9 (0.02)
Passed bias filter:                   292947  (0.0126306); expected 463869.9 (0.02)
Passed Vit filter:                     16064  (0.000692608); expected 23193.5 (0.001)
Passed Fwd filter:                       518  (2.23338e-05); expected 231.9 (1e-05)
Initial search space (Z):           23193494  [actual number of targets]
Domain search space  (domZ):               7  [number of targets reported over threshold]
# CPU time: 296.45u 8.72s 00:05:05.17 Elapsed: 00:01:57.10
# Mc/sec: 1622.00
//
Query:       Spurious_ORF_25  [M=95]
Accession:   ANF00025
Description: Antisense to 23S rRNA
Scores for complete sequences (score includes all domains):
   --- full sequence ---   --- best 1 domain ---    -#dom-
    E-value  score  bias    E-value  score  bias    exp  N  Sequence Description
    ------- ------ -----    ------- ------ -----   ---- --  -------- -----------
    0.00029   30.9   0.1         10   16.3   0.0    2.2  2  F4RVJ8.1 F4RVJ8_MELLP Putative uncharacterized protein


Domain annotation for each sequence:
>> F4RVJ8.1  F4RVJ8_MELLP Putative uncharacterized protein
   #    score  bias  c-Evalue  i-Evalue hmmfrom  hmm to    alifrom  ali to    envfrom  env to     acc
 ---   ------ ----- --------- --------- ------- -------    ------- -------    ------- -------    ----
   1 !   12.7   0.0   5.9e-06   1.4e+02      72      90 ..      35      53 ..      31      58 .. 0.87
   2 !   16.3   0.0   4.4e-07        10      54      90 ..      77     113 ..      67     118 .. 0.71



Internal pipeline statistics summary:
-------------------------------------
Query model(s):                            1  (95 nodes)
Target sequences:                   23193494  (7597456855 residues)
Passed MSV filter:                    467720  (0.020166); expected 463869.9 (0.02)
Passed bias filter:                   420927  (0.0181485); expected 463869.9 (0.02)
Passed Vit filter:                     21982  (0.000947766); expected 23193.5 (0.001)
Passed Fwd filter:                       294  (1.2676e-05); expected 231.9 (1e-05)
Initial search space (Z):           23193494  [actual number of targets]
Domain search space  (domZ):               1  [number of targets reported over threshold]
# CPU time: 404.99u 8.49s 00:06:53.48 Elapsed: 00:02:05.44
# Mc/sec: 5753.81
//
Query:       Spurious_ORF_29  [M=62]
Accession:   ANF00029
Description: Antisense to 16S rRNA
Scores for complete sequences (score includes all domains):
   --- full sequence ---   --- best 1 domain ---    -#dom-
    E-value  score  bias    E-value  score  bias    exp  N  Sequence Description
    ------- ------ -----    ------- ------ -----   ---- --  -------- -----------
     0.0097   25.6   0.4      0.022   24.5   0.0    1.8  1  Q6YSK7.1 Q6YSK7_BRANA Putative uncharacterized protein orf12


Domain annotation for each sequence:
>> Q6YSK7.1  Q6YSK7_BRANA Putative uncharacterized protein orf124
   #    score  bias  c-Evalue  i-Evalue hmmfrom  hmm to    alifrom  ali to    envfrom  env to     acc
 ---   ------ ----- --------- --------- ------- -------    ------- -------    ------- -------    ----
   1 !   24.5   0.0   9.3e-10     0.022      13      28 ..     104     119 ..      95     123 .. 0.90



Internal pipeline statistics summary:
-------------------------------------
Query model(s):                            1  (62 nodes)
Target sequences:                   23193494  (7597456855 residues)
Passed MSV filter:                    448219  (0.0193252); expected 463869.9 (0.02)
Passed bias filter:                   414997  (0.0178928); expected 463869.9 (0.02)
Passed Vit filter:                     23569  (0.00101619); expected 23193.5 (0.001)
Passed Fwd filter:                       276  (1.18999e-05); expected 231.9 (1e-05)
Initial search space (Z):           23193494  [actual number of targets]
Domain search space  (domZ):               1  [number of targets reported over threshold]
# CPU time: 360.63u 8.66s 00:06:09.29 Elapsed: 00:01:59.67
# Mc/sec: 3936.18
//
Query:       Spurious_ORF_14  [M=25]
Accession:   ANF00014
Description: tRNA translation
Scores for complete sequences (score includes all domains):
   --- full sequence ---   --- best 1 domain ---    -#dom-
    E-value  score  bias    E-value  score  bias    exp  N  Sequence Description
    ------- ------ -----    ------- ------ -----   ---- --  -------- -----------
    1.4e-93  311.9  68.7        1.8   18.6   0.0   28.7 19  A7SIC5.1 A7SIC5_NEMVE Predicted protein
    1.3e-27  104.1  26.1       0.16   21.9   0.2    6.8  6  I1DXB2.1 I1DXB2_9GAMM Uncharacterized protein
    1.2e-25   97.9   6.3       0.75   19.8   0.0    5.3  5  Q22B35.2 Q22B35_TETTS Putative uncharacterized protein
    5.7e-06   35.9   0.5          1   19.4   0.1    3.0  2  Q3KZ34.1 Q3KZ34_NOCSI Putative regulator AraC-type
    8.5e-06   35.4   1.2       0.79   19.7   0.0    2.9  2  Q3XYJ4.1 Q3XYJ4_ENTFC Putative uncharacterized protein
    3.2e-05   33.6   0.4     0.0044   26.8   0.0    2.9  1  Q83SY0.1 Q83SY0_SALTI Putative uncharacterized protein
    5.1e-05   32.9   0.0          2   18.4   0.0    2.2  2  A8UAD3.1 A8UAD3_9LACT Putative uncharacterized protein
    0.00025   30.7   0.0     0.0059   26.4   0.0    2.0  1  A1ETM4.1 A1ETM4_VIBCL 33 kDa chaperonin (Fragment)
    0.00083   29.1   0.0      0.052   23.4   0.0    2.5  1  A4EFV9.1 A4EFV9_9RHOB 50S ribosomal protein L36
      0.001   28.8   0.1      0.002   27.9   0.1    1.5  1  Q8W842.1 Q8W842_PSINU Putative uncharacterized protein
     0.0013   28.5   0.2     0.0027   27.5   0.1    1.6  1  G9ZVQ1.1 G9ZVQ1_9PROT Endonuclease/exonuclease/phosphatase f
     0.0013   28.5   0.0     0.0019   28.0   0.0    1.3  1  A4N0P3.1 A4N0P3_HAEIF Putative uncharacterized protein
     0.0013   28.5   0.0     0.0019   28.0   0.0    1.3  1  A4NHJ4.1 A4NHJ4_HAEIF Putative uncharacterized protein
     0.0013   28.5   0.0     0.0019   28.0   0.0    1.3  1  A4NT23.1 A4NT23_HAEIF Putative uncharacterized protein
     0.0013   28.5   0.3     0.0025   27.6   0.2    1.5  1  F7NAP0.1 F7NAP0_XYLFA Putative uncharacterized protein
     0.0013   28.5   0.3     0.0025   27.6   0.2    1.5  1  Q87CW2.1 Q87CW2_XYLFT Phage-related protein
     0.0014   28.4   0.3     0.0031   27.3   0.2    1.6  1  Q9PCB7.1 Q9PCB7_XYLFA Phage-related protein
     0.0019   28.0   0.0     0.0053   26.5   0.0    1.9  1  F3HA61.1 F3HA61_PSESX Flavoprotein monooxygenase (Fragment)
     0.0021   27.8   0.0     0.0032   27.2   0.0    1.2  1  E0XYP9.1 E0XYP9_9GAMM Putative uncharacterized protein
     0.0022   27.8   0.2     0.0049   26.7   0.1    1.6  1  A7A485.1 A7A485_BIFAD Putative uncharacterized protein
     0.0024   27.7   1.1    1.3e+02   12.7   0.1    2.9  2  Q22E32.1 Q22E32_TETTS Putative uncharacterized protein
     0.0025   27.6   0.0     0.0093   25.8   0.0    2.1  1  F2ZEH6.1 F2ZEH6_9PSED Flavoprotein monooxygenase (Fragment)
     0.0025   27.6   0.1     0.0037   27.0   0.1    1.3  1  H1EFZ2.1 H1EFZ2_ECOLX Putative uncharacterized protein
      0.003   27.3   0.0     0.0033   27.2   0.0    1.1  1  F7LEX9.1 F7LEX9_BACOV Putative uncharacterized protein (Frag
     0.0031   27.3   0.2      0.011   25.5   0.1    2.0  1  Q8X4F0.1 Q8X4F0_ECO57 Putative uncharacterized protein
     0.0033   27.2   0.7     0.0063   26.3   0.5    1.5  1  I0IKQ5.1 I0IKQ5_9BACT Putative integrase
     0.0036   27.1   0.0     0.0055   26.5   0.0    1.3  1  Q4N4V1.1 Q4N4V1_THEPA Putative uncharacterized protein
      0.004   26.9   0.0    2.2e+03    8.9   0.0    4.4  1  E9HTK1.1 E9HTK1_DAPPU Putative uncharacterized protein
     0.0041   26.9   0.0     0.0084   25.9   0.0    1.6  1  I0G5K2.1 I0G5K2_9BRAD Uncharacterized protein
     0.0044   26.8   0.9     0.0054   26.5   0.7    1.2  1  C3JI39.1 C3JI39_RHOER Putative uncharacterized protein
     0.0044   26.8   0.0     0.0099   25.7   0.0    1.6  1  G9L6C0.1 G9L6C0_9CAUD Uncharacterized protein
     0.0044   26.8   0.0     0.0099   25.7   0.0    1.6  1  Q287B4.2 Q287B4_9CAUD Putative uncharacterized protein
     0.0045   26.8   0.7     0.0079   26.0   0.5    1.4  1  D5MGK8.1 D5MGK8_9BACT Uncharacterized protein
     0.0048   26.7   0.0     0.0099   25.7   0.0    1.6  1  A1AE22.1 A1AE22_ECOK1 Putative uncharacterized protein
     0.0052   26.6   0.0     0.0077   26.0   0.0    1.2  1  A4VQL3.1 A4VQL3_PSEU5 Putative uncharacterized protein
     0.0057   26.5   1.2      0.011   25.5   0.2    2.1  1  Q8W7G6.1 Q8W7G6_PSINU Putative uncharacterized protein
     0.0059   26.4   0.1     0.0059   26.4   0.1    1.0  1  A3IJG9.1 A3IJG9_9CHRO Putative uncharacterized protein
     0.0059   26.4   0.2      0.011   25.6   0.1    1.5  1  H0U083.1 H0U083_9BRAD Protoporphyrin oxidase, flavoprotein
     0.0064   26.3   0.8     0.0088   25.9   0.5    1.3  1  A8UXU9.1 A8UXU9_9AQUI Putative uncharacterized protein
      0.007   26.2   0.4     0.0076   26.1   0.3    1.1  1  G7I5J2.1 G7I5J2_MEDTR NAD(P)H-quinone oxidoreductase chain (
     0.0073   26.1   0.1      0.015   25.1   0.0    1.6  1  Q1MM54.1 Q1MM54_RHIL3 Putative uncharacterized protein
     0.0075   26.1   0.0      0.017   25.0   0.0    1.6  1  E9VHV3.1 E9VHV3_ECOLX Putative uncharacterized protein
      0.008   26.0   0.3      0.017   25.0   0.2    1.5  1  F7N707.1 F7N707_XYLFA Putative uncharacterized protein
      0.008   26.0   0.8      0.047   23.6   0.1    2.3  1  D8G0U9.1 D8G0U9_9CYAN Putative uncharacterized protein
     0.0085   25.9   0.1      0.011   25.6   0.1    1.1  1  A4NJZ3.1 A4NJZ3_HAEIF Putative uncharacterized protein
     0.0093   25.8   0.0      0.013   25.3   0.0    1.3  1  G8AZG8.1 G8AZG8_AZOBR Putative uncharacterized protein


Domain annotation for each sequence:
>> A7SIC5.1  A7SIC5_NEMVE Predicted protein
   #    score  bias  c-Evalue  i-Evalue hmmfrom  hmm to    alifrom  ali to    envfrom  env to     acc
 ---   ------ ----- --------- --------- ------- -------    ------- -------    ------- -------    ----
   1 !   11.0   0.0   0.00088   4.4e+02       3      21 ..      92     109 ..      91     113 .. 0.84
   2 !   10.7   0.0    0.0011   5.5e+02       3      25 .]     126     147 ..     125     147 .. 0.94
   3 !   14.8   0.0   5.5e-05        28       3      25 .]     195     216 ..     194     216 .. 0.95
   4 !   18.6   0.0   3.5e-06       1.8       3      25 .]     229     250 ..     228     250 .. 0.95
   5 !   14.2   0.0   9.1e-05        46       3      25 .]     298     319 ..     297     319 .. 0.95
   6 !   18.6   0.0   3.5e-06       1.8       3      25 .]     332     353 ..     331     353 .. 0.95
   7 !   14.1   0.1   9.2e-05        46       4      25 .]     452     472 ..     450     472 .. 0.95
   8 !   18.6   0.0   3.5e-06       1.8       3      25 .]     485     506 ..     484     506 .. 0.95
   9 !   13.4   0.0   0.00016        78       3      25 .]     537     558 ..     536     558 .. 0.86
  10 !   18.6   0.0   3.5e-06       1.8       3      25 .]     571     592 ..     570     592 .. 0.95
  11 !   18.6   0.0   3.5e-06       1.8       3      25 .]     605     626 ..     604     626 .. 0.95
  12 !   18.6   0.0   3.5e-06       1.8       3      25 .]     639     660 ..     638     660 .. 0.95
  13 !   18.6   0.0   3.5e-06       1.8       3      25 .]     708     729 ..     707     729 .. 0.95
  14 !   14.2   0.0   9.1e-05        46       3      25 .]     742     763 ..     741     763 .. 0.95
  15 !   18.6   0.0   3.5e-06       1.8       3      25 .]     776     797 ..     775     797 .. 0.95
  16 !   14.8   0.0   5.5e-05        28       3      25 .]     810     831 ..     809     831 .. 0.95
  17 !   14.8   0.0   5.5e-05        28       3      25 .]     844     865 ..     843     865 .. 0.95
  18 !   18.4   0.0   4.2e-06       2.1       3      25 .]     878     899 ..     877     899 .. 0.95
  19 !   18.6   0.0   3.5e-06       1.8       3      25 .]     912     933 ..     911     933 .. 0.95

>> I1DXB2.1  I1DXB2_9GAMM Uncharacterized protein
   #    score  bias  c-Evalue  i-Evalue hmmfrom  hmm to    alifrom  ali to    envfrom  env to     acc
 ---   ------ ----- --------- --------- ------- -------    ------- -------    ------- -------    ----
   1 !   21.9   0.2   3.2e-07      0.16       1      25 []      21      44 ..      21      44 .. 0.98
   2 !   21.9   0.2   3.2e-07      0.16       1      25 []      63      86 ..      63      86 .. 0.98
   3 !   21.9   0.2   3.2e-07      0.16       1      25 []     105     128 ..     105     128 .. 0.98
   4 !   21.9   0.2   3.2e-07      0.16       1      25 []     147     170 ..     147     170 .. 0.98
   5 !   21.9   0.2   3.2e-07      0.16       1      25 []     189     212 ..     189     212 .. 0.98
   6 !   10.6   0.2    0.0012   6.1e+02       1      13 [.     259     271 .]     259     271 .] 0.88

>> Q22B35.2  Q22B35_TETTS Putative uncharacterized protein
   #    score  bias  c-Evalue  i-Evalue hmmfrom  hmm to    alifrom  ali to    envfrom  env to     acc
 ---   ------ ----- --------- --------- ------- -------    ------- -------    ------- -------    ----
   1 !   19.8   0.0   1.5e-06      0.75       1      17 [.      12      28 ..      12      31 .. 0.91
   2 !   19.8   0.0   1.5e-06      0.75       1      17 [.      38      54 ..      38      57 .. 0.91
   3 !   19.8   0.0   1.5e-06      0.75       1      17 [.      64      80 ..      64      83 .. 0.91
   4 !   19.8   0.0   1.5e-06      0.75       1      17 [.      90     106 ..      90     109 .. 0.91
   5 !   18.4   0.0   4.1e-06       2.1       2      17 ..     117     132 ..     117     135 .. 0.90

>> Q3KZ34.1  Q3KZ34_NOCSI Putative regulator AraC-type
   #    score  bias  c-Evalue  i-Evalue hmmfrom  hmm to    alifrom  ali to    envfrom  env to     acc
 ---   ------ ----- --------- --------- ------- -------    ------- -------    ------- -------    ----
   1 !   19.4   0.1     2e-06         1       1      20 [.     330     348 ..     330     351 .. 0.91
   2 !   13.4   0.0   0.00016        79       4      22 ..     363     380 ..     362     381 .. 0.94

>> Q3XYJ4.1  Q3XYJ4_ENTFC Putative uncharacterized protein
   #    score  bias  c-Evalue  i-Evalue hmmfrom  hmm to    alifrom  ali to    envfrom  env to     acc
 ---   ------ ----- --------- --------- ------- -------    ------- -------    ------- -------    ----
   1 !   19.7   0.0   1.6e-06      0.79       2      25 .]      39      61 ..      39      61 .. 0.97
   2 !   13.3   0.0   0.00017        84       5      20 ..      69      84 ..      66      88 .. 0.89

>> Q83SY0.1  Q83SY0_SALTI Putative uncharacterized protein
   #    score  bias  c-Evalue  i-Evalue hmmfrom  hmm to    alifrom  ali to    envfrom  env to     acc
 ---   ------ ----- --------- --------- ------- -------    ------- -------    ------- -------    ----
   1 !   26.8   0.0   8.7e-09    0.0044       1      23 [.       2      24 ..       2      25 .. 0.92

>> A8UAD3.1  A8UAD3_9LACT Putative uncharacterized protein
   #    score  bias  c-Evalue  i-Evalue hmmfrom  hmm to    alifrom  ali to    envfrom  env to     acc
 ---   ------ ----- --------- --------- ------- -------    ------- -------    ------- -------    ----
   1 !   12.6   0.0   0.00028   1.4e+02       5      20 ..      17      32 ..      14      35 .. 0.92
   2 !   18.4   0.0     4e-06         2       1      25 []      51      74 ..      51      74 .. 0.98

>> A1ETM4.1  A1ETM4_VIBCL 33 kDa chaperonin (Fragment)
   #    score  bias  c-Evalue  i-Evalue hmmfrom  hmm to    alifrom  ali to    envfrom  env to     acc
 ---   ------ ----- --------- --------- ------- -------    ------- -------    ------- -------    ----
   1 !   26.4   0.0   1.2e-08    0.0059       1      24 [.      28      50 ..      28      51 .. 0.95

>> A4EFV9.1  A4EFV9_9RHOB 50S ribosomal protein L36
   #    score  bias  c-Evalue  i-Evalue hmmfrom  hmm to    alifrom  ali to    envfrom  env to     acc
 ---   ------ ----- --------- --------- ------- -------    ------- -------    ------- -------    ----
   1 !   23.4   0.0     1e-07     0.052       4      23 ..      75      93 ..      72      94 .. 0.91

>> Q8W842.1  Q8W842_PSINU Putative uncharacterized protein
   #    score  bias  c-Evalue  i-Evalue hmmfrom  hmm to    alifrom  ali to    envfrom  env to     acc
 ---   ------ ----- --------- --------- ------- -------    ------- -------    ------- -------    ----
   1 !   27.9   0.1     4e-09     0.002       2      25 .]      28      51 ..      28      51 .. 0.93

>> G9ZVQ1.1  G9ZVQ1_9PROT Endonuclease/exonuclease/phosphatase family protein
   #    score  bias  c-Evalue  i-Evalue hmmfrom  hmm to    alifrom  ali to    envfrom  env to     acc
 ---   ------ ----- --------- --------- ------- -------    ------- -------    ------- -------    ----
   1 !   27.5   0.1   5.4e-09    0.0027       1      22 [.     229     250 .]     229     250 .] 0.97

>> A4N0P3.1  A4N0P3_HAEIF Putative uncharacterized protein
   #    score  bias  c-Evalue  i-Evalue hmmfrom  hmm to    alifrom  ali to    envfrom  env to     acc
 ---   ------ ----- --------- --------- ------- -------    ------- -------    ------- -------    ----
   1 !   28.0   0.0   3.7e-09    0.0019       1      24 [.      25      48 ..      25      49 .. 0.95

>> A4NHJ4.1  A4NHJ4_HAEIF Putative uncharacterized protein
   #    score  bias  c-Evalue  i-Evalue hmmfrom  hmm to    alifrom  ali to    envfrom  env to     acc
 ---   ------ ----- --------- --------- ------- -------    ------- -------    ------- -------    ----
   1 !   28.0   0.0   3.7e-09    0.0019       1      24 [.      25      48 ..      25      49 .. 0.95

>> A4NT23.1  A4NT23_HAEIF Putative uncharacterized protein
   #    score  bias  c-Evalue  i-Evalue hmmfrom  hmm to    alifrom  ali to    envfrom  env to     acc
 ---   ------ ----- --------- --------- ------- -------    ------- -------    ------- -------    ----
   1 !   28.0   0.0   3.7e-09    0.0019       1      24 [.      25      48 ..      25      49 .. 0.95

>> F7NAP0.1  F7NAP0_XYLFA Putative uncharacterized protein
   #    score  bias  c-Evalue  i-Evalue hmmfrom  hmm to    alifrom  ali to    envfrom  env to     acc
 ---   ------ ----- --------- --------- ------- -------    ------- -------    ------- -------    ----
   1 !   27.6   0.2   4.9e-09    0.0025       1      20 [.     105     123 ..     105     123 .. 0.95

>> Q87CW2.1  Q87CW2_XYLFT Phage-related protein
   #    score  bias  c-Evalue  i-Evalue hmmfrom  hmm to    alifrom  ali to    envfrom  env to     acc
 ---   ------ ----- --------- --------- ------- -------    ------- -------    ------- -------    ----
   1 !   27.6   0.2   4.9e-09    0.0025       1      20 [.     105     123 ..     105     123 .. 0.95

>> Q9PCB7.1  Q9PCB7_XYLFA Phage-related protein
   #    score  bias  c-Evalue  i-Evalue hmmfrom  hmm to    alifrom  ali to    envfrom  env to     acc
 ---   ------ ----- --------- --------- ------- -------    ------- -------    ------- -------    ----
   1 !   27.3   0.2   6.2e-09    0.0031       1      20 [.     124     142 ..     124     142 .. 0.95

>> F3HA61.1  F3HA61_PSESX Flavoprotein monooxygenase (Fragment)
   #    score  bias  c-Evalue  i-Evalue hmmfrom  hmm to    alifrom  ali to    envfrom  env to     acc
 ---   ------ ----- --------- --------- ------- -------    ------- -------    ------- -------    ----
   1 !   26.5   0.0   1.1e-08    0.0053       1      23 [.      29      51 ..      29      53 .. 0.94

>> E0XYP9.1  E0XYP9_9GAMM Putative uncharacterized protein
   #    score  bias  c-Evalue  i-Evalue hmmfrom  hmm to    alifrom  ali to    envfrom  env to     acc
 ---   ------ ----- --------- --------- ------- -------    ------- -------    ------- -------    ----
   1 !   27.2   0.0   6.4e-09    0.0032       5      25 .]       2      21 ..       2      21 .. 0.97

>> A7A485.1  A7A485_BIFAD Putative uncharacterized protein
   #    score  bias  c-Evalue  i-Evalue hmmfrom  hmm to    alifrom  ali to    envfrom  env to     acc
 ---   ------ ----- --------- --------- ------- -------    ------- -------    ------- -------    ----
   1 !   26.7   0.1   9.8e-09    0.0049       1      25 []      23      47 ..      23      47 .. 0.97

>> Q22E32.1  Q22E32_TETTS Putative uncharacterized protein
   #    score  bias  c-Evalue  i-Evalue hmmfrom  hmm to    alifrom  ali to    envfrom  env to     acc
 ---   ------ ----- --------- --------- ------- -------    ------- -------    ------- -------    ----
   1 !   12.7   0.1   0.00026   1.3e+02       2      25 .]     693     715 ..     693     715 .. 0.92
   2 !   12.7   0.1   0.00026   1.3e+02       2      25 .]     799     821 ..     799     821 .. 0.92

>> F2ZEH6.1  F2ZEH6_9PSED Flavoprotein monooxygenase (Fragment)
   #    score  bias  c-Evalue  i-Evalue hmmfrom  hmm to    alifrom  ali to    envfrom  env to     acc
 ---   ------ ----- --------- --------- ------- -------    ------- -------    ------- -------    ----
   1 !   25.8   0.0   1.8e-08    0.0093       1      23 [.       2      24 ..       2      26 .. 0.94

>> H1EFZ2.1  H1EFZ2_ECOLX Putative uncharacterized protein
   #    score  bias  c-Evalue  i-Evalue hmmfrom  hmm to    alifrom  ali to    envfrom  env to     acc
 ---   ------ ----- --------- --------- ------- -------    ------- -------    ------- -------    ----
   1 !   27.0   0.1   7.4e-09    0.0037       1      22 [.      38      59 .]      38      59 .] 0.93

>> F7LEX9.1  F7LEX9_BACOV Putative uncharacterized protein (Fragment)
   #    score  bias  c-Evalue  i-Evalue hmmfrom  hmm to    alifrom  ali to    envfrom  env to     acc
 ---   ------ ----- --------- --------- ------- -------    ------- -------    ------- -------    ----
   1 !   27.2   0.0   6.6e-09    0.0033       1      22 [.      11      32 .]      11      32 .] 0.94

>> Q8X4F0.1  Q8X4F0_ECO57 Putative uncharacterized protein
   #    score  bias  c-Evalue  i-Evalue hmmfrom  hmm to    alifrom  ali to    envfrom  env to     acc
 ---   ------ ----- --------- --------- ------- -------    ------- -------    ------- -------    ----
   1 !   25.5   0.1   2.3e-08     0.011       1      22 [.      95     116 .]      95     116 .] 0.93

>> I0IKQ5.1  I0IKQ5_9BACT Putative integrase
   #    score  bias  c-Evalue  i-Evalue hmmfrom  hmm to    alifrom  ali to    envfrom  env to     acc
 ---   ------ ----- --------- --------- ------- -------    ------- -------    ------- -------    ----
   1 !   26.3   0.5   1.3e-08    0.0063       1      25 []     170     193 ..     170     193 .. 0.93

>> Q4N4V1.1  Q4N4V1_THEPA Putative uncharacterized protein
   #    score  bias  c-Evalue  i-Evalue hmmfrom  hmm to    alifrom  ali to    envfrom  env to     acc
 ---   ------ ----- --------- --------- ------- -------    ------- -------    ------- -------    ----
   1 !   26.5   0.0   1.1e-08    0.0055       1      24 [.       6      29 ..       6      30 .. 0.95

>> E9HTK1.1  E9HTK1_DAPPU Putative uncharacterized protein
   #    score  bias  c-Evalue  i-Evalue hmmfrom  hmm to    alifrom  ali to    envfrom  env to     acc
 ---   ------ ----- --------- --------- ------- -------    ------- -------    ------- -------    ----
   1 !    8.9   0.0    0.0044   2.2e+03       4      18 ..     118     132 ..     115     133 .. 0.88

>> I0G5K2.1  I0G5K2_9BRAD Uncharacterized protein
   #    score  bias  c-Evalue  i-Evalue hmmfrom  hmm to    alifrom  ali to    envfrom  env to     acc
 ---   ------ ----- --------- --------- ------- -------    ------- -------    ------- -------    ----
   1 !   25.9   0.0   1.7e-08    0.0084       3      25 .]       1      22 [.       1      22 [. 0.95

>> C3JI39.1  C3JI39_RHOER Putative uncharacterized protein
   #    score  bias  c-Evalue  i-Evalue hmmfrom  hmm to    alifrom  ali to    envfrom  env to     acc
 ---   ------ ----- --------- --------- ------- -------    ------- -------    ------- -------    ----
   1 !   26.5   0.7   1.1e-08    0.0054       1      20 [.      18      37 .]      18      37 .] 0.96

>> G9L6C0.1  G9L6C0_9CAUD Uncharacterized protein
   #    score  bias  c-Evalue  i-Evalue hmmfrom  hmm to    alifrom  ali to    envfrom  env to     acc
 ---   ------ ----- --------- --------- ------- -------    ------- -------    ------- -------    ----
   1 !   25.7   0.0     2e-08    0.0099       1      22 [.      62      83 .]      62      83 .] 0.91

>> Q287B4.2  Q287B4_9CAUD Putative uncharacterized protein
   #    score  bias  c-Evalue  i-Evalue hmmfrom  hmm to    alifrom  ali to    envfrom  env to     acc
 ---   ------ ----- --------- --------- ------- -------    ------- -------    ------- -------    ----
   1 !   25.7   0.0     2e-08    0.0099       1      22 [.      62      83 .]      62      83 .] 0.91

>> D5MGK8.1  D5MGK8_9BACT Uncharacterized protein
   #    score  bias  c-Evalue  i-Evalue hmmfrom  hmm to    alifrom  ali to    envfrom  env to     acc
 ---   ------ ----- --------- --------- ------- -------    ------- -------    ------- -------    ----
   1 !   26.0   0.5   1.6e-08    0.0079       1      25 []      32      56 ..      32      56 .. 0.97

>> A1AE22.1  A1AE22_ECOK1 Putative uncharacterized protein
   #    score  bias  c-Evalue  i-Evalue hmmfrom  hmm to    alifrom  ali to    envfrom  env to     acc
 ---   ------ ----- --------- --------- ------- -------    ------- -------    ------- -------    ----
   1 !   25.7   0.0     2e-08    0.0099       1      22 [.      62      83 .]      62      83 .] 0.91

>> A4VQL3.1  A4VQL3_PSEU5 Putative uncharacterized protein
   #    score  bias  c-Evalue  i-Evalue hmmfrom  hmm to    alifrom  ali to    envfrom  env to     acc
 ---   ------ ----- --------- --------- ------- -------    ------- -------    ------- -------    ----
   1 !   26.0   0.0   1.5e-08    0.0077       1      20 [.      33      51 ..      33      51 .. 0.95

>> Q8W7G6.1  Q8W7G6_PSINU Putative uncharacterized protein
   #    score  bias  c-Evalue  i-Evalue hmmfrom  hmm to    alifrom  ali to    envfrom  env to     acc
 ---   ------ ----- --------- --------- ------- -------    ------- -------    ------- -------    ----
   1 !   25.5   0.2   2.3e-08     0.011       2      23 ..      53      73 ..      53      75 .. 0.91

>> A3IJG9.1  A3IJG9_9CHRO Putative uncharacterized protein
   #    score  bias  c-Evalue  i-Evalue hmmfrom  hmm to    alifrom  ali to    envfrom  env to     acc
 ---   ------ ----- --------- --------- ------- -------    ------- -------    ------- -------    ----
   1 !   26.4   0.1   1.2e-08    0.0059       5      22 ..       5      22 .]       2      22 .] 0.96

>> H0U083.1  H0U083_9BRAD Protoporphyrin oxidase, flavoprotein
   #    score  bias  c-Evalue  i-Evalue hmmfrom  hmm to    alifrom  ali to    envfrom  env to     acc
 ---   ------ ----- --------- --------- ------- -------    ------- -------    ------- -------    ----
   1 !   25.6   0.1   2.2e-08     0.011       1      25 []       4      28 ..       4      28 .. 0.94

>> A8UXU9.1  A8UXU9_9AQUI Putative uncharacterized protein
   #    score  bias  c-Evalue  i-Evalue hmmfrom  hmm to    alifrom  ali to    envfrom  env to     acc
 ---   ------ ----- --------- --------- ------- -------    ------- -------    ------- -------    ----
   1 !   25.9   0.5   1.7e-08    0.0088       4      19 ..       4      19 ..       2      25 .. 0.83

>> G7I5J2.1  G7I5J2_MEDTR NAD(P)H-quinone oxidoreductase chain (Fragment)
   #    score  bias  c-Evalue  i-Evalue hmmfrom  hmm to    alifrom  ali to    envfrom  env to     acc
 ---   ------ ----- --------- --------- ------- -------    ------- -------    ------- -------    ----
   1 !   26.1   0.3   1.5e-08    0.0076       4      24 ..      10      30 ..       8      31 .] 0.91

>> Q1MM54.1  Q1MM54_RHIL3 Putative uncharacterized protein
   #    score  bias  c-Evalue  i-Evalue hmmfrom  hmm to    alifrom  ali to    envfrom  env to     acc
 ---   ------ ----- --------- --------- ------- -------    ------- -------    ------- -------    ----
   1 !   25.1   0.0     3e-08     0.015       1      24 [.       2      25 ..       2      26 .. 0.94

>> E9VHV3.1  E9VHV3_ECOLX Putative uncharacterized protein
   #    score  bias  c-Evalue  i-Evalue hmmfrom  hmm to    alifrom  ali to    envfrom  env to     acc
 ---   ------ ----- --------- --------- ------- -------    ------- -------    ------- -------    ----
   1 !   25.0   0.0   3.3e-08     0.017       1      22 [.      91     112 .]      91     112 .] 0.91

>> F7N707.1  F7N707_XYLFA Putative uncharacterized protein
   #    score  bias  c-Evalue  i-Evalue hmmfrom  hmm to    alifrom  ali to    envfrom  env to     acc
 ---   ------ ----- --------- --------- ------- -------    ------- -------    ------- -------    ----
   1 !   25.0   0.2   3.3e-08     0.017       2      20 ..     124     141 ..     124     141 .. 0.94

>> D8G0U9.1  D8G0U9_9CYAN Putative uncharacterized protein
   #    score  bias  c-Evalue  i-Evalue hmmfrom  hmm to    alifrom  ali to    envfrom  env to     acc
 ---   ------ ----- --------- --------- ------- -------    ------- -------    ------- -------    ----
   1 !   23.6   0.1   9.4e-08     0.047       2      25 .]       4      27 ..       4      27 .. 0.96

>> A4NJZ3.1  A4NJZ3_HAEIF Putative uncharacterized protein
   #    score  bias  c-Evalue  i-Evalue hmmfrom  hmm to    alifrom  ali to    envfrom  env to     acc
 ---   ------ ----- --------- --------- ------- -------    ------- -------    ------- -------    ----
   1 !   25.6   0.1   2.2e-08     0.011       1      20 [.      22      40 ..      22      40 .. 0.95

>> G8AZG8.1  G8AZG8_AZOBR Putative uncharacterized protein
   #    score  bias  c-Evalue  i-Evalue hmmfrom  hmm to    alifrom  ali to    envfrom  env to     acc
 ---   ------ ----- --------- --------- ------- -------    ------- -------    ------- -------    ----
   1 !   25.3   0.0   2.6e-08     0.013       3      24 ..      33      54 ..      31      55 .. 0.93



Internal pipeline statistics summary:
-------------------------------------
Query model(s):                            1  (25 nodes)
Target sequences:                   23193494  (7597456855 residues)
Passed MSV filter:                    351637  (0.015161); expected 463869.9 (0.02)
Passed bias filter:                   272336  (0.0117419); expected 463869.9 (0.02)
Passed Vit filter:                     18074  (0.00077927); expected 23193.5 (0.001)
Passed Fwd filter:                       713  (3.07414e-05); expected 231.9 (1e-05)
Initial search space (Z):           23193494  [actual number of targets]
Domain search space  (domZ):              46  [number of targets reported over threshold]
# CPU time: 296.63u 8.29s 00:05:04.92 Elapsed: 00:01:56.57
# Mc/sec: 1629.38
//
