# hmmsearch :: search profile(s) against a sequence database
# HMMER 3.0 (March 2010); http://hmmer.org/
# Copyright (C) 2010 Howard Hughes Medical Institute.
# Freely distributed under the GNU General Public License (GPLv3).
# - - - - - - - - - - - - - - - - - - - - - - - - - - - - - - - - - - - -
# query HMM file:                  AntiFam_Virus.hmm
# target sequence database:        /lustre/scratch103/sanger/pfam-pipe/pfamseq27/pfamseq
# show alignments in output:       no
# sequence reporting threshold:    E-value <= 0.01
# domain reporting threshold:      E-value <= 0.01
# - - - - - - - - - - - - - - - - - - - - - - - - - - - - - - - - - - - -

Query:       Spurious_ORF_10  [M=25]
Accession:   ANF00010
Description: tRNA translation
Scores for complete sequences (score includes all domains):
   --- full sequence ---   --- best 1 domain ---    -#dom-
    E-value  score  bias    E-value  score  bias    exp  N  Sequence Description
    ------- ------ -----    ------- ------ -----   ---- --  -------- -----------
    7.1e-29  108.2   0.0       0.14   21.7   0.0    5.2  5  Q23E24.1 Q23E24_TETTS Putative uncharacterized protein
      9e-17   69.8   1.5      0.036   23.5   0.0    3.2  3  A0XZA6.1 A0XZA6_9GAMM Putative uncharacterized protein
    5.3e-15   64.2   6.6      0.092   22.2   0.1    3.2  3  Q22S27.1 Q22S27_TETTS Putative uncharacterized protein
    1.3e-09   47.1   1.0      0.023   24.1   0.0    3.1  2  A9DKA2.1 A9DKA2_9FLAO Putative uncharacterized protein
      9e-08   41.3  25.8         28   14.4   0.4    5.6  4  Q23YR8.1 Q23YR8_TETTS Putative uncharacterized protein
    2.2e-07   40.1   0.4       0.77   19.3   0.0    2.1  2  Q9CMX0.1 Y682_PASMU Uncharacterized protein PM0682
    4.9e-07   39.0  71.1    6.9e+03    6.8   0.2   15.3  6  A7SPI6.1 A7SPI6_NEMVE Predicted protein (Fragment)
      6e-07   38.7   2.3      0.051   23.0   1.5    2.3  2  H8ZMC7.1 H8ZMC7_9CAUD Putative uncharacterized protein
    1.5e-05   34.2   0.0    5.1e+02   10.4   0.0    3.5  3  Q22CG4.1 Q22CG4_TETTS Putative uncharacterized protein
    1.5e-05   34.2   0.5        8.7   16.0   0.1    2.8  2  H0Y031.1 H0Y031_OTOGA Uncharacterized protein
    0.00013   31.2   0.2         30   14.3   0.0    2.8  2  Q22AF5.1 Q22AF5_TETTS Putative uncharacterized protein
    0.00021   30.6   0.0      0.059   22.8   0.0    2.1  1  A6FED9.1 A6FED9_9GAMM Putative uncharacterized protein
    0.00042   29.7   0.2      0.098   22.1   0.0    2.2  1  Q7MGR0.1 Q7MGR0_VIBVY Putative uncharacterized protein VV316
    0.00048   29.5   1.4         16   15.2   0.1    2.6  2  A9V857.1 A9V857_MONBE Predicted protein
     0.0013   28.1   5.3         14   15.4   0.4    2.6  2  Q23YR7.2 Q23YR7_TETTS Putative uncharacterized protein
     0.0022   27.4   0.3      1e+02   12.6   0.0    2.4  2  E9GK81.1 E9GK81_DAPPU Putative uncharacterized protein
     0.0026   27.1   8.7       0.66   19.5   0.0    3.7  2  D8FRN7.1 D8FRN7_BPSYP Hypothetical-Protein | belonging to T4
     0.0028   27.0   0.1       0.02   24.3   0.0    2.4  1  A9S1M7.1 A9S1M7_PHYPA Predicted protein
     0.0069   25.8   3.4      0.023   24.1   0.0    2.4  1  D8FVR8.1 D8FVR8_9CYAN Putative uncharacterized protein
     0.0075   25.7   0.2      0.021   24.3   0.1    1.8  1  G4UYK3.1 G4UYK3_NEUT9 Putative uncharacterized protein
     0.0082   25.6   0.0      0.017   24.5   0.0    1.6  1  Q2GK90.1 Q2GK90_ANAPZ Triosephosphate isomerase EC=5.3.1.1
     0.0092   25.4   3.5         29   14.3   0.2    2.3  2  H8XR17.1 H8XR17_FLAIG Putative uncharacterized protein
     0.0094   25.4   0.1      0.017   24.5   0.1    1.5  1  B5JD39.1 B5JD39_9BACT Putative uncharacterized protein
     0.0097   25.3   0.1      0.018   24.5   0.0    1.5  1  Q2W6N5.1 Q2W6N5_MAGSA Putative uncharacterized protein
     0.0098   25.3   0.2      0.024   24.1   0.2    1.7  1  E4PL62.1 E4PL62_MARAH Secreted protein containing YkuD domai


Domain annotation for each sequence:
>> Q23E24.1  Q23E24_TETTS Putative uncharacterized protein
   #    score  bias  c-Evalue  i-Evalue hmmfrom  hmm to    alifrom  ali to    envfrom  env to     acc
 ---   ------ ----- --------- --------- ------- -------    ------- -------    ------- -------    ----
   1 !   14.8   0.0   2.2e-05        20       7      22 ..       2      17 ..       1      17 [. 0.94
   2 !   21.7   0.0   1.5e-07      0.14       5      22 ..      50      67 ..      47      67 .. 0.93
   3 !   21.7   0.0   1.5e-07      0.14       5      22 ..      97     114 ..      94     114 .. 0.93
   4 !   21.7   0.0   1.5e-07      0.14       5      22 ..     152     169 ..     149     169 .. 0.93
   5 !   21.7   0.0   1.5e-07      0.14       5      22 ..     181     198 ..     178     198 .. 0.93

>> A0XZA6.1  A0XZA6_9GAMM Putative uncharacterized protein
   #    score  bias  c-Evalue  i-Evalue hmmfrom  hmm to    alifrom  ali to    envfrom  env to     acc
 ---   ------ ----- --------- --------- ------- -------    ------- -------    ------- -------    ----
   1 !   23.5   0.0   3.9e-08     0.036       1      24 [.      19      42 ..      19      43 .. 0.92
   2 !   23.5   0.0   3.9e-08     0.036       1      24 [.      57      80 ..      57      81 .. 0.92
   3 !   21.0   0.0   2.5e-07      0.23       1      22 [.      95     116 ..      95     119 .. 0.92

>> Q22S27.1  Q22S27_TETTS Putative uncharacterized protein
   #    score  bias  c-Evalue  i-Evalue hmmfrom  hmm to    alifrom  ali to    envfrom  env to     acc
 ---   ------ ----- --------- --------- ------- -------    ------- -------    ------- -------    ----
   1 !   22.2   0.1     1e-07     0.092       5      25 .]      30      50 ..      29      50 .. 0.94
   2 !   22.2   0.1     1e-07     0.092       5      25 .]      67      87 ..      66      87 .. 0.94
   3 !   22.2   0.1     1e-07     0.092       5      25 .]     119     139 ..     118     139 .. 0.94

>> A9DKA2.1  A9DKA2_9FLAO Putative uncharacterized protein
   #    score  bias  c-Evalue  i-Evalue hmmfrom  hmm to    alifrom  ali to    envfrom  env to     acc
 ---   ------ ----- --------- --------- ------- -------    ------- -------    ------- -------    ----
   1 !   19.4   0.0   7.5e-07       0.7       3      21 ..       3      21 ..       2      21 .. 0.96
   2 !   24.1   0.0   2.5e-08     0.023       3      22 ..      61      80 ..      60      82 .. 0.94

>> Q23YR8.1  Q23YR8_TETTS Putative uncharacterized protein
   #    score  bias  c-Evalue  i-Evalue hmmfrom  hmm to    alifrom  ali to    envfrom  env to     acc
 ---   ------ ----- --------- --------- ------- -------    ------- -------    ------- -------    ----
   1 !   14.4   0.4     3e-05        28       5      24 ..     151     170 ..     150     171 .. 0.94
   2 !   14.4   0.4     3e-05        28       5      24 ..     205     224 ..     204     225 .. 0.94
   3 !   13.5   0.3   5.6e-05        52       5      24 ..     259     278 ..     258     278 .. 0.94
   4 !   13.5   0.3   5.6e-05        52       5      24 ..     336     355 ..     335     355 .. 0.94

>> Q9CMX0.1  Y682_PASMU Uncharacterized protein PM0682
   #    score  bias  c-Evalue  i-Evalue hmmfrom  hmm to    alifrom  ali to    envfrom  env to     acc
 ---   ------ ----- --------- --------- ------- -------    ------- -------    ------- -------    ----
   1 !   19.3   0.0   8.3e-07      0.77       2      25 .]       3      26 ..       2      26 .. 0.94
   2 !   19.3   0.0   8.3e-07      0.77       2      25 .]      43      66 ..      42      66 .. 0.94

>> A7SPI6.1  A7SPI6_NEMVE Predicted protein (Fragment)
   #    score  bias  c-Evalue  i-Evalue hmmfrom  hmm to    alifrom  ali to    envfrom  env to     acc
 ---   ------ ----- --------- --------- ------- -------    ------- -------    ------- -------    ----
   1 !    6.7   0.2     0.008   7.4e+03      14      25 .]      30      41 ..      26      41 .. 0.86
   2 !    6.8   0.2    0.0075   6.9e+03      14      25 .]      52      63 ..      48      63 .. 0.86
   3 !    6.7   0.2    0.0077   7.2e+03      14      25 .]      96     107 ..      92     107 .. 0.86
   4 !    6.7   0.3    0.0082   7.6e+03      14      25 .]     107     118 ..     103     118 .. 0.86
   5 !    6.7   0.2    0.0077   7.2e+03      14      25 .]     129     140 ..     125     140 .. 0.86
   6 !    6.8   0.2    0.0075     7e+03      14      25 .]     151     162 ..     147     162 .. 0.86

>> H8ZMC7.1  H8ZMC7_9CAUD Putative uncharacterized protein
   #    score  bias  c-Evalue  i-Evalue hmmfrom  hmm to    alifrom  ali to    envfrom  env to     acc
 ---   ------ ----- --------- --------- ------- -------    ------- -------    ------- -------    ----
   1 !   13.8   0.0   4.5e-05        42       7      25 .]       2      20 ..       1      20 [. 0.93
   2 !   23.0   1.5   5.5e-08     0.051       2      24 ..      23      45 ..      22      45 .. 0.94

>> Q22CG4.1  Q22CG4_TETTS Putative uncharacterized protein
   #    score  bias  c-Evalue  i-Evalue hmmfrom  hmm to    alifrom  ali to    envfrom  env to     acc
 ---   ------ ----- --------- --------- ------- -------    ------- -------    ------- -------    ----
   1 !    9.6   0.0   0.00096   8.9e+02       7      19 ..       2      14 ..       1      19 [. 0.87
   2 !   10.4   0.0   0.00055   5.1e+02       6      19 ..      80      93 ..      77      98 .. 0.84
   3 !   10.4   0.0   0.00055   5.1e+02       6      19 ..     288     301 ..     285     306 .. 0.84

>> H0Y031.1  H0Y031_OTOGA Uncharacterized protein
   #    score  bias  c-Evalue  i-Evalue hmmfrom  hmm to    alifrom  ali to    envfrom  env to     acc
 ---   ------ ----- --------- --------- ------- -------    ------- -------    ------- -------    ----
   1 !   15.7   0.0   1.1e-05        11       2      20 ..     106     124 ..     105     124 .. 0.91
   2 !   16.0   0.1   9.4e-06       8.7       9      23 ..     249     263 ..     242     264 .. 0.88

>> Q22AF5.1  Q22AF5_TETTS Putative uncharacterized protein
   #    score  bias  c-Evalue  i-Evalue hmmfrom  hmm to    alifrom  ali to    envfrom  env to     acc
 ---   ------ ----- --------- --------- ------- -------    ------- -------    ------- -------    ----
   1 !   14.3   0.0   3.2e-05        30       7      22 ..     542     557 ..     541     560 .. 0.91
   2 !   14.3   0.0   3.2e-05        30       7      22 ..     604     619 ..     603     622 .. 0.91

>> A6FED9.1  A6FED9_9GAMM Putative uncharacterized protein
   #    score  bias  c-Evalue  i-Evalue hmmfrom  hmm to    alifrom  ali to    envfrom  env to     acc
 ---   ------ ----- --------- --------- ------- -------    ------- -------    ------- -------    ----
   1 !   22.8   0.0   6.4e-08     0.059       1      25 []      23      47 ..      23      47 .. 0.96

>> Q7MGR0.1  Q7MGR0_VIBVY Putative uncharacterized protein VV3167
   #    score  bias  c-Evalue  i-Evalue hmmfrom  hmm to    alifrom  ali to    envfrom  env to     acc
 ---   ------ ----- --------- --------- ------- -------    ------- -------    ------- -------    ----
   1 !   22.1   0.0   1.1e-07     0.098       1      25 []      26      50 ..      26      50 .. 0.96

>> A9V857.1  A9V857_MONBE Predicted protein
   #    score  bias  c-Evalue  i-Evalue hmmfrom  hmm to    alifrom  ali to    envfrom  env to     acc
 ---   ------ ----- --------- --------- ------- -------    ------- -------    ------- -------    ----
   1 !   12.9   0.1   9.1e-05        84       1      16 [.     578     593 ..     578     594 .. 0.93
   2 !   15.2   0.1   1.7e-05        16       4      19 ..     595     610 ..     595     610 .. 0.98

>> Q23YR7.2  Q23YR7_TETTS Putative uncharacterized protein
   #    score  bias  c-Evalue  i-Evalue hmmfrom  hmm to    alifrom  ali to    envfrom  env to     acc
 ---   ------ ----- --------- --------- ------- -------    ------- -------    ------- -------    ----
   1 !   15.4   0.4   1.5e-05        14       5      24 ..      14      33 ..      13      34 .. 0.94
   2 !   14.5   0.3   2.8e-05        26       5      24 ..      82     101 ..      81     101 .. 0.94

>> E9GK81.1  E9GK81_DAPPU Putative uncharacterized protein
   #    score  bias  c-Evalue  i-Evalue hmmfrom  hmm to    alifrom  ali to    envfrom  env to     acc
 ---   ------ ----- --------- --------- ------- -------    ------- -------    ------- -------    ----
   1 !   12.5   0.1   0.00012   1.1e+02       8      22 ..      84      98 ..      83     100 .. 0.91
   2 !   12.6   0.0   0.00011     1e+02       6      21 ..     110     125 ..     109     125 .. 0.96

>> D8FRN7.1  D8FRN7_BPSYP Hypothetical-Protein | belonging to T4-LIKE GC: 857
   #    score  bias  c-Evalue  i-Evalue hmmfrom  hmm to    alifrom  ali to    envfrom  env to     acc
 ---   ------ ----- --------- --------- ------- -------    ------- -------    ------- -------    ----
   1 !    8.2   0.0    0.0027   2.5e+03       7      22 ..      16      31 ..      15      32 .. 0.91
   2 !   19.5   0.0   7.2e-07      0.66       5      24 ..      77      96 ..      73      96 .. 0.89

>> A9S1M7.1  A9S1M7_PHYPA Predicted protein
   #    score  bias  c-Evalue  i-Evalue hmmfrom  hmm to    alifrom  ali to    envfrom  env to     acc
 ---   ------ ----- --------- --------- ------- -------    ------- -------    ------- -------    ----
   1 !   24.3   0.0   2.2e-08      0.02       1      25 []     102     126 ..     102     126 .. 0.96

>> D8FVR8.1  D8FVR8_9CYAN Putative uncharacterized protein
   #    score  bias  c-Evalue  i-Evalue hmmfrom  hmm to    alifrom  ali to    envfrom  env to     acc
 ---   ------ ----- --------- --------- ------- -------    ------- -------    ------- -------    ----
   1 !   24.1   0.0   2.5e-08     0.023       7      25 .]       2      20 ..       1      20 [. 0.96

>> G4UYK3.1  G4UYK3_NEUT9 Putative uncharacterized protein
   #    score  bias  c-Evalue  i-Evalue hmmfrom  hmm to    alifrom  ali to    envfrom  env to     acc
 ---   ------ ----- --------- --------- ------- -------    ------- -------    ------- -------    ----
   1 !   24.3   0.1   2.2e-08     0.021       1      25 []     687     711 ..     687     711 .. 0.94

>> Q2GK90.1  Q2GK90_ANAPZ Triosephosphate isomerase EC=5.3.1.1
   #    score  bias  c-Evalue  i-Evalue hmmfrom  hmm to    alifrom  ali to    envfrom  env to     acc
 ---   ------ ----- --------- --------- ------- -------    ------- -------    ------- -------    ----
   1 !   24.5   0.0   1.9e-08     0.017       7      24 ..       2      19 ..       1      20 [. 0.92

>> H8XR17.1  H8XR17_FLAIG Putative uncharacterized protein
   #    score  bias  c-Evalue  i-Evalue hmmfrom  hmm to    alifrom  ali to    envfrom  env to     acc
 ---   ------ ----- --------- --------- ------- -------    ------- -------    ------- -------    ----
   1 !   14.3   0.2   3.2e-05        29       3      18 ..      28      43 ..      26      43 .. 0.88
   2 !   12.1   0.2   0.00015   1.4e+02       3      18 ..      88     103 ..      86     103 .. 0.88

>> B5JD39.1  B5JD39_9BACT Putative uncharacterized protein
   #    score  bias  c-Evalue  i-Evalue hmmfrom  hmm to    alifrom  ali to    envfrom  env to     acc
 ---   ------ ----- --------- --------- ------- -------    ------- -------    ------- -------    ----
   1 !   24.5   0.1   1.9e-08     0.017       1      21 [.      28      48 ..      28      52 .. 0.92

>> Q2W6N5.1  Q2W6N5_MAGSA Putative uncharacterized protein
   #    score  bias  c-Evalue  i-Evalue hmmfrom  hmm to    alifrom  ali to    envfrom  env to     acc
 ---   ------ ----- --------- --------- ------- -------    ------- -------    ------- -------    ----
   1 !   24.5   0.0   1.9e-08     0.018       7      25 .]       2      20 ..       1      20 [. 0.95

>> E4PL62.1  E4PL62_MARAH Secreted protein containing YkuD domain
   #    score  bias  c-Evalue  i-Evalue hmmfrom  hmm to    alifrom  ali to    envfrom  env to     acc
 ---   ------ ----- --------- --------- ------- -------    ------- -------    ------- -------    ----
   1 !   24.1   0.2   2.6e-08     0.024       1      24 [.     259     282 ..     259     283 .. 0.95



Internal pipeline statistics summary:
-------------------------------------
Query model(s):                            1  (25 nodes)
Target sequences:                   23193494  (7597456855 residues)
Passed MSV filter:                    513166  (0.0221254); expected 463869.9 (0.02)
Passed bias filter:                   388281  (0.0167409); expected 463869.9 (0.02)
Passed Vit filter:                     22340  (0.000963201); expected 23193.5 (0.001)
Passed Fwd filter:                       966  (4.16496e-05); expected 231.9 (1e-05)
Initial search space (Z):           23193494  [actual number of targets]
Domain search space  (domZ):              25  [number of targets reported over threshold]
# CPU time: 300.68u 8.72s 00:05:09.40 Elapsed: 00:01:56.99
# Mc/sec: 1623.53
//
Query:       Spurious_ORF_15  [M=29]
Accession:   ANF00015
Description: tRNA translation
Scores for complete sequences (score includes all domains):
   --- full sequence ---   --- best 1 domain ---    -#dom-
    E-value  score  bias    E-value  score  bias    exp  N  Sequence Description
    ------- ------ -----    ------- ------ -----   ---- --  -------- -----------
    2.5e-13   59.7  26.6    2.8e+05    2.2   0.0   22.0  0  B3F5D7.1 B3F5D7_LEIDO Kinesin-like protein K39B
    1.5e-10   50.9  33.6    9.6e+03    6.9   0.1   10.2 10  G9EBK4.1 G9EBK4_9GAMM Putative uncharacterized protein


Domain annotation for each sequence:
>> B3F5D7.1  B3F5D7_LEIDO Kinesin-like protein K39B
   [No individual domains that satisfy reporting thresholds (although complete target did)]

>> G9EBK4.1  G9EBK4_9GAMM Putative uncharacterized protein
   #    score  bias  c-Evalue  i-Evalue hmmfrom  hmm to    alifrom  ali to    envfrom  env to     acc
 ---   ------ ----- --------- --------- ------- -------    ------- -------    ------- -------    ----
   1 !    6.9   0.1   0.00083   9.6e+03      15      29 .]       8      22 ..       4      22 .. 0.89
   2 !    6.9   0.1   0.00083   9.6e+03      15      29 .]      32      46 ..      28      46 .. 0.89
   3 !    6.9   0.1   0.00083   9.6e+03      15      29 .]      56      70 ..      52      70 .. 0.89
   4 !    6.9   0.1   0.00083   9.6e+03      15      29 .]      80      94 ..      76      94 .. 0.89
   5 !    6.9   0.1   0.00083   9.6e+03      15      29 .]     104     118 ..     100     118 .. 0.89
   6 !    6.9   0.1   0.00083   9.6e+03      15      29 .]     128     142 ..     124     142 .. 0.89
   7 !    6.9   0.1   0.00083   9.6e+03      15      29 .]     152     166 ..     148     166 .. 0.89
   8 !    6.9   0.1   0.00083   9.6e+03      15      29 .]     176     190 ..     172     190 .. 0.89
   9 !    6.9   0.1   0.00083   9.6e+03      15      29 .]     200     214 ..     196     214 .. 0.89
  10 !    6.9   0.1   0.00083   9.6e+03      15      29 .]     224     238 ..     220     238 .. 0.89



Internal pipeline statistics summary:
-------------------------------------
Query model(s):                            1  (29 nodes)
Target sequences:                   23193494  (7597456855 residues)
Passed MSV filter:                    515118  (0.0222096); expected 463869.9 (0.02)
Passed bias filter:                   346376  (0.0149342); expected 463869.9 (0.02)
Passed Vit filter:                     20094  (0.000866364); expected 23193.5 (0.001)
Passed Fwd filter:                      1021  (4.4021e-05); expected 231.9 (1e-05)
Initial search space (Z):           23193494  [actual number of targets]
Domain search space  (domZ):               2  [number of targets reported over threshold]
# CPU time: 301.30u 8.56s 00:05:09.86 Elapsed: 00:01:57.35
# Mc/sec: 1877.51
//
Query:       Spurious_ORF_14  [M=25]
Accession:   ANF00014
Description: tRNA translation
Scores for complete sequences (score includes all domains):
   --- full sequence ---   --- best 1 domain ---    -#dom-
    E-value  score  bias    E-value  score  bias    exp  N  Sequence Description
    ------- ------ -----    ------- ------ -----   ---- --  -------- -----------
    1.4e-93  311.9  68.7        1.8   18.6   0.0   28.7 19  A7SIC5.1 A7SIC5_NEMVE Predicted protein
    1.3e-27  104.1  26.1       0.16   21.9   0.2    6.8  6  I1DXB2.1 I1DXB2_9GAMM Uncharacterized protein
    1.2e-25   97.9   6.3       0.75   19.8   0.0    5.3  5  Q22B35.2 Q22B35_TETTS Putative uncharacterized protein
    5.7e-06   35.9   0.5          1   19.4   0.1    3.0  2  Q3KZ34.1 Q3KZ34_NOCSI Putative regulator AraC-type
    8.5e-06   35.4   1.2       0.79   19.7   0.0    2.9  2  Q3XYJ4.1 Q3XYJ4_ENTFC Putative uncharacterized protein
    3.2e-05   33.6   0.4     0.0044   26.8   0.0    2.9  1  Q83SY0.1 Q83SY0_SALTI Putative uncharacterized protein
    5.1e-05   32.9   0.0          2   18.4   0.0    2.2  2  A8UAD3.1 A8UAD3_9LACT Putative uncharacterized protein
    0.00025   30.7   0.0     0.0059   26.4   0.0    2.0  1  A1ETM4.1 A1ETM4_VIBCL 33 kDa chaperonin (Fragment)
    0.00083   29.1   0.0      0.052   23.4   0.0    2.5  1  A4EFV9.1 A4EFV9_9RHOB 50S ribosomal protein L36
      0.001   28.8   0.1      0.002   27.9   0.1    1.5  1  Q8W842.1 Q8W842_PSINU Putative uncharacterized protein
     0.0013   28.5   0.2     0.0027   27.5   0.1    1.6  1  G9ZVQ1.1 G9ZVQ1_9PROT Endonuclease/exonuclease/phosphatase f
     0.0013   28.5   0.0     0.0019   28.0   0.0    1.3  1  A4N0P3.1 A4N0P3_HAEIF Putative uncharacterized protein
     0.0013   28.5   0.0     0.0019   28.0   0.0    1.3  1  A4NHJ4.1 A4NHJ4_HAEIF Putative uncharacterized protein
     0.0013   28.5   0.0     0.0019   28.0   0.0    1.3  1  A4NT23.1 A4NT23_HAEIF Putative uncharacterized protein
     0.0013   28.5   0.3     0.0025   27.6   0.2    1.5  1  F7NAP0.1 F7NAP0_XYLFA Putative uncharacterized protein
     0.0013   28.5   0.3     0.0025   27.6   0.2    1.5  1  Q87CW2.1 Q87CW2_XYLFT Phage-related protein
     0.0014   28.4   0.3     0.0031   27.3   0.2    1.6  1  Q9PCB7.1 Q9PCB7_XYLFA Phage-related protein
     0.0019   28.0   0.0     0.0053   26.5   0.0    1.9  1  F3HA61.1 F3HA61_PSESX Flavoprotein monooxygenase (Fragment)
     0.0021   27.8   0.0     0.0032   27.2   0.0    1.2  1  E0XYP9.1 E0XYP9_9GAMM Putative uncharacterized protein
     0.0022   27.8   0.2     0.0049   26.7   0.1    1.6  1  A7A485.1 A7A485_BIFAD Putative uncharacterized protein
     0.0024   27.7   1.1    1.3e+02   12.7   0.1    2.9  2  Q22E32.1 Q22E32_TETTS Putative uncharacterized protein
     0.0025   27.6   0.0     0.0093   25.8   0.0    2.1  1  F2ZEH6.1 F2ZEH6_9PSED Flavoprotein monooxygenase (Fragment)
     0.0025   27.6   0.1     0.0037   27.0   0.1    1.3  1  H1EFZ2.1 H1EFZ2_ECOLX Putative uncharacterized protein
      0.003   27.3   0.0     0.0033   27.2   0.0    1.1  1  F7LEX9.1 F7LEX9_BACOV Putative uncharacterized protein (Frag
     0.0031   27.3   0.2      0.011   25.5   0.1    2.0  1  Q8X4F0.1 Q8X4F0_ECO57 Putative uncharacterized protein
     0.0033   27.2   0.7     0.0063   26.3   0.5    1.5  1  I0IKQ5.1 I0IKQ5_9BACT Putative integrase
     0.0036   27.1   0.0     0.0055   26.5   0.0    1.3  1  Q4N4V1.1 Q4N4V1_THEPA Putative uncharacterized protein
      0.004   26.9   0.0    2.2e+03    8.9   0.0    4.4  1  E9HTK1.1 E9HTK1_DAPPU Putative uncharacterized protein
     0.0041   26.9   0.0     0.0084   25.9   0.0    1.6  1  I0G5K2.1 I0G5K2_9BRAD Uncharacterized protein
     0.0044   26.8   0.9     0.0054   26.5   0.7    1.2  1  C3JI39.1 C3JI39_RHOER Putative uncharacterized protein
     0.0044   26.8   0.0     0.0099   25.7   0.0    1.6  1  G9L6C0.1 G9L6C0_9CAUD Uncharacterized protein
     0.0044   26.8   0.0     0.0099   25.7   0.0    1.6  1  Q287B4.2 Q287B4_9CAUD Putative uncharacterized protein
     0.0045   26.8   0.7     0.0079   26.0   0.5    1.4  1  D5MGK8.1 D5MGK8_9BACT Uncharacterized protein
     0.0048   26.7   0.0     0.0099   25.7   0.0    1.6  1  A1AE22.1 A1AE22_ECOK1 Putative uncharacterized protein
     0.0052   26.6   0.0     0.0077   26.0   0.0    1.2  1  A4VQL3.1 A4VQL3_PSEU5 Putative uncharacterized protein
     0.0057   26.5   1.2      0.011   25.5   0.2    2.1  1  Q8W7G6.1 Q8W7G6_PSINU Putative uncharacterized protein
     0.0059   26.4   0.1     0.0059   26.4   0.1    1.0  1  A3IJG9.1 A3IJG9_9CHRO Putative uncharacterized protein
     0.0059   26.4   0.2      0.011   25.6   0.1    1.5  1  H0U083.1 H0U083_9BRAD Protoporphyrin oxidase, flavoprotein
     0.0064   26.3   0.8     0.0088   25.9   0.5    1.3  1  A8UXU9.1 A8UXU9_9AQUI Putative uncharacterized protein
      0.007   26.2   0.4     0.0076   26.1   0.3    1.1  1  G7I5J2.1 G7I5J2_MEDTR NAD(P)H-quinone oxidoreductase chain (
     0.0073   26.1   0.1      0.015   25.1   0.0    1.6  1  Q1MM54.1 Q1MM54_RHIL3 Putative uncharacterized protein
     0.0075   26.1   0.0      0.017   25.0   0.0    1.6  1  E9VHV3.1 E9VHV3_ECOLX Putative uncharacterized protein
      0.008   26.0   0.3      0.017   25.0   0.2    1.5  1  F7N707.1 F7N707_XYLFA Putative uncharacterized protein
      0.008   26.0   0.8      0.047   23.6   0.1    2.3  1  D8G0U9.1 D8G0U9_9CYAN Putative uncharacterized protein
     0.0085   25.9   0.1      0.011   25.6   0.1    1.1  1  A4NJZ3.1 A4NJZ3_HAEIF Putative uncharacterized protein
     0.0093   25.8   0.0      0.013   25.3   0.0    1.3  1  G8AZG8.1 G8AZG8_AZOBR Putative uncharacterized protein


Domain annotation for each sequence:
>> A7SIC5.1  A7SIC5_NEMVE Predicted protein
   #    score  bias  c-Evalue  i-Evalue hmmfrom  hmm to    alifrom  ali to    envfrom  env to     acc
 ---   ------ ----- --------- --------- ------- -------    ------- -------    ------- -------    ----
   1 !   11.0   0.0   0.00088   4.4e+02       3      21 ..      92     109 ..      91     113 .. 0.84
   2 !   10.7   0.0    0.0011   5.5e+02       3      25 .]     126     147 ..     125     147 .. 0.94
   3 !   14.8   0.0   5.5e-05        28       3      25 .]     195     216 ..     194     216 .. 0.95
   4 !   18.6   0.0   3.5e-06       1.8       3      25 .]     229     250 ..     228     250 .. 0.95
   5 !   14.2   0.0   9.1e-05        46       3      25 .]     298     319 ..     297     319 .. 0.95
   6 !   18.6   0.0   3.5e-06       1.8       3      25 .]     332     353 ..     331     353 .. 0.95
   7 !   14.1   0.1   9.2e-05        46       4      25 .]     452     472 ..     450     472 .. 0.95
   8 !   18.6   0.0   3.5e-06       1.8       3      25 .]     485     506 ..     484     506 .. 0.95
   9 !   13.4   0.0   0.00016        78       3      25 .]     537     558 ..     536     558 .. 0.86
  10 !   18.6   0.0   3.5e-06       1.8       3      25 .]     571     592 ..     570     592 .. 0.95
  11 !   18.6   0.0   3.5e-06       1.8       3      25 .]     605     626 ..     604     626 .. 0.95
  12 !   18.6   0.0   3.5e-06       1.8       3      25 .]     639     660 ..     638     660 .. 0.95
  13 !   18.6   0.0   3.5e-06       1.8       3      25 .]     708     729 ..     707     729 .. 0.95
  14 !   14.2   0.0   9.1e-05        46       3      25 .]     742     763 ..     741     763 .. 0.95
  15 !   18.6   0.0   3.5e-06       1.8       3      25 .]     776     797 ..     775     797 .. 0.95
  16 !   14.8   0.0   5.5e-05        28       3      25 .]     810     831 ..     809     831 .. 0.95
  17 !   14.8   0.0   5.5e-05        28       3      25 .]     844     865 ..     843     865 .. 0.95
  18 !   18.4   0.0   4.2e-06       2.1       3      25 .]     878     899 ..     877     899 .. 0.95
  19 !   18.6   0.0   3.5e-06       1.8       3      25 .]     912     933 ..     911     933 .. 0.95

>> I1DXB2.1  I1DXB2_9GAMM Uncharacterized protein
   #    score  bias  c-Evalue  i-Evalue hmmfrom  hmm to    alifrom  ali to    envfrom  env to     acc
 ---   ------ ----- --------- --------- ------- -------    ------- -------    ------- -------    ----
   1 !   21.9   0.2   3.2e-07      0.16       1      25 []      21      44 ..      21      44 .. 0.98
   2 !   21.9   0.2   3.2e-07      0.16       1      25 []      63      86 ..      63      86 .. 0.98
   3 !   21.9   0.2   3.2e-07      0.16       1      25 []     105     128 ..     105     128 .. 0.98
   4 !   21.9   0.2   3.2e-07      0.16       1      25 []     147     170 ..     147     170 .. 0.98
   5 !   21.9   0.2   3.2e-07      0.16       1      25 []     189     212 ..     189     212 .. 0.98
   6 !   10.6   0.2    0.0012   6.1e+02       1      13 [.     259     271 .]     259     271 .] 0.88

>> Q22B35.2  Q22B35_TETTS Putative uncharacterized protein
   #    score  bias  c-Evalue  i-Evalue hmmfrom  hmm to    alifrom  ali to    envfrom  env to     acc
 ---   ------ ----- --------- --------- ------- -------    ------- -------    ------- -------    ----
   1 !   19.8   0.0   1.5e-06      0.75       1      17 [.      12      28 ..      12      31 .. 0.91
   2 !   19.8   0.0   1.5e-06      0.75       1      17 [.      38      54 ..      38      57 .. 0.91
   3 !   19.8   0.0   1.5e-06      0.75       1      17 [.      64      80 ..      64      83 .. 0.91
   4 !   19.8   0.0   1.5e-06      0.75       1      17 [.      90     106 ..      90     109 .. 0.91
   5 !   18.4   0.0   4.1e-06       2.1       2      17 ..     117     132 ..     117     135 .. 0.90

>> Q3KZ34.1  Q3KZ34_NOCSI Putative regulator AraC-type
   #    score  bias  c-Evalue  i-Evalue hmmfrom  hmm to    alifrom  ali to    envfrom  env to     acc
 ---   ------ ----- --------- --------- ------- -------    ------- -------    ------- -------    ----
   1 !   19.4   0.1     2e-06         1       1      20 [.     330     348 ..     330     351 .. 0.91
   2 !   13.4   0.0   0.00016        79       4      22 ..     363     380 ..     362     381 .. 0.94

>> Q3XYJ4.1  Q3XYJ4_ENTFC Putative uncharacterized protein
   #    score  bias  c-Evalue  i-Evalue hmmfrom  hmm to    alifrom  ali to    envfrom  env to     acc
 ---   ------ ----- --------- --------- ------- -------    ------- -------    ------- -------    ----
   1 !   19.7   0.0   1.6e-06      0.79       2      25 .]      39      61 ..      39      61 .. 0.97
   2 !   13.3   0.0   0.00017        84       5      20 ..      69      84 ..      66      88 .. 0.89

>> Q83SY0.1  Q83SY0_SALTI Putative uncharacterized protein
   #    score  bias  c-Evalue  i-Evalue hmmfrom  hmm to    alifrom  ali to    envfrom  env to     acc
 ---   ------ ----- --------- --------- ------- -------    ------- -------    ------- -------    ----
   1 !   26.8   0.0   8.7e-09    0.0044       1      23 [.       2      24 ..       2      25 .. 0.92

>> A8UAD3.1  A8UAD3_9LACT Putative uncharacterized protein
   #    score  bias  c-Evalue  i-Evalue hmmfrom  hmm to    alifrom  ali to    envfrom  env to     acc
 ---   ------ ----- --------- --------- ------- -------    ------- -------    ------- -------    ----
   1 !   12.6   0.0   0.00028   1.4e+02       5      20 ..      17      32 ..      14      35 .. 0.92
   2 !   18.4   0.0     4e-06         2       1      25 []      51      74 ..      51      74 .. 0.98

>> A1ETM4.1  A1ETM4_VIBCL 33 kDa chaperonin (Fragment)
   #    score  bias  c-Evalue  i-Evalue hmmfrom  hmm to    alifrom  ali to    envfrom  env to     acc
 ---   ------ ----- --------- --------- ------- -------    ------- -------    ------- -------    ----
   1 !   26.4   0.0   1.2e-08    0.0059       1      24 [.      28      50 ..      28      51 .. 0.95

>> A4EFV9.1  A4EFV9_9RHOB 50S ribosomal protein L36
   #    score  bias  c-Evalue  i-Evalue hmmfrom  hmm to    alifrom  ali to    envfrom  env to     acc
 ---   ------ ----- --------- --------- ------- -------    ------- -------    ------- -------    ----
   1 !   23.4   0.0     1e-07     0.052       4      23 ..      75      93 ..      72      94 .. 0.91

>> Q8W842.1  Q8W842_PSINU Putative uncharacterized protein
   #    score  bias  c-Evalue  i-Evalue hmmfrom  hmm to    alifrom  ali to    envfrom  env to     acc
 ---   ------ ----- --------- --------- ------- -------    ------- -------    ------- -------    ----
   1 !   27.9   0.1     4e-09     0.002       2      25 .]      28      51 ..      28      51 .. 0.93

>> G9ZVQ1.1  G9ZVQ1_9PROT Endonuclease/exonuclease/phosphatase family protein
   #    score  bias  c-Evalue  i-Evalue hmmfrom  hmm to    alifrom  ali to    envfrom  env to     acc
 ---   ------ ----- --------- --------- ------- -------    ------- -------    ------- -------    ----
   1 !   27.5   0.1   5.4e-09    0.0027       1      22 [.     229     250 .]     229     250 .] 0.97

>> A4N0P3.1  A4N0P3_HAEIF Putative uncharacterized protein
   #    score  bias  c-Evalue  i-Evalue hmmfrom  hmm to    alifrom  ali to    envfrom  env to     acc
 ---   ------ ----- --------- --------- ------- -------    ------- -------    ------- -------    ----
   1 !   28.0   0.0   3.7e-09    0.0019       1      24 [.      25      48 ..      25      49 .. 0.95

>> A4NHJ4.1  A4NHJ4_HAEIF Putative uncharacterized protein
   #    score  bias  c-Evalue  i-Evalue hmmfrom  hmm to    alifrom  ali to    envfrom  env to     acc
 ---   ------ ----- --------- --------- ------- -------    ------- -------    ------- -------    ----
   1 !   28.0   0.0   3.7e-09    0.0019       1      24 [.      25      48 ..      25      49 .. 0.95

>> A4NT23.1  A4NT23_HAEIF Putative uncharacterized protein
   #    score  bias  c-Evalue  i-Evalue hmmfrom  hmm to    alifrom  ali to    envfrom  env to     acc
 ---   ------ ----- --------- --------- ------- -------    ------- -------    ------- -------    ----
   1 !   28.0   0.0   3.7e-09    0.0019       1      24 [.      25      48 ..      25      49 .. 0.95

>> F7NAP0.1  F7NAP0_XYLFA Putative uncharacterized protein
   #    score  bias  c-Evalue  i-Evalue hmmfrom  hmm to    alifrom  ali to    envfrom  env to     acc
 ---   ------ ----- --------- --------- ------- -------    ------- -------    ------- -------    ----
   1 !   27.6   0.2   4.9e-09    0.0025       1      20 [.     105     123 ..     105     123 .. 0.95

>> Q87CW2.1  Q87CW2_XYLFT Phage-related protein
   #    score  bias  c-Evalue  i-Evalue hmmfrom  hmm to    alifrom  ali to    envfrom  env to     acc
 ---   ------ ----- --------- --------- ------- -------    ------- -------    ------- -------    ----
   1 !   27.6   0.2   4.9e-09    0.0025       1      20 [.     105     123 ..     105     123 .. 0.95

>> Q9PCB7.1  Q9PCB7_XYLFA Phage-related protein
   #    score  bias  c-Evalue  i-Evalue hmmfrom  hmm to    alifrom  ali to    envfrom  env to     acc
 ---   ------ ----- --------- --------- ------- -------    ------- -------    ------- -------    ----
   1 !   27.3   0.2   6.2e-09    0.0031       1      20 [.     124     142 ..     124     142 .. 0.95

>> F3HA61.1  F3HA61_PSESX Flavoprotein monooxygenase (Fragment)
   #    score  bias  c-Evalue  i-Evalue hmmfrom  hmm to    alifrom  ali to    envfrom  env to     acc
 ---   ------ ----- --------- --------- ------- -------    ------- -------    ------- -------    ----
   1 !   26.5   0.0   1.1e-08    0.0053       1      23 [.      29      51 ..      29      53 .. 0.94

>> E0XYP9.1  E0XYP9_9GAMM Putative uncharacterized protein
   #    score  bias  c-Evalue  i-Evalue hmmfrom  hmm to    alifrom  ali to    envfrom  env to     acc
 ---   ------ ----- --------- --------- ------- -------    ------- -------    ------- -------    ----
   1 !   27.2   0.0   6.4e-09    0.0032       5      25 .]       2      21 ..       2      21 .. 0.97

>> A7A485.1  A7A485_BIFAD Putative uncharacterized protein
   #    score  bias  c-Evalue  i-Evalue hmmfrom  hmm to    alifrom  ali to    envfrom  env to     acc
 ---   ------ ----- --------- --------- ------- -------    ------- -------    ------- -------    ----
   1 !   26.7   0.1   9.8e-09    0.0049       1      25 []      23      47 ..      23      47 .. 0.97

>> Q22E32.1  Q22E32_TETTS Putative uncharacterized protein
   #    score  bias  c-Evalue  i-Evalue hmmfrom  hmm to    alifrom  ali to    envfrom  env to     acc
 ---   ------ ----- --------- --------- ------- -------    ------- -------    ------- -------    ----
   1 !   12.7   0.1   0.00026   1.3e+02       2      25 .]     693     715 ..     693     715 .. 0.92
   2 !   12.7   0.1   0.00026   1.3e+02       2      25 .]     799     821 ..     799     821 .. 0.92

>> F2ZEH6.1  F2ZEH6_9PSED Flavoprotein monooxygenase (Fragment)
   #    score  bias  c-Evalue  i-Evalue hmmfrom  hmm to    alifrom  ali to    envfrom  env to     acc
 ---   ------ ----- --------- --------- ------- -------    ------- -------    ------- -------    ----
   1 !   25.8   0.0   1.8e-08    0.0093       1      23 [.       2      24 ..       2      26 .. 0.94

>> H1EFZ2.1  H1EFZ2_ECOLX Putative uncharacterized protein
   #    score  bias  c-Evalue  i-Evalue hmmfrom  hmm to    alifrom  ali to    envfrom  env to     acc
 ---   ------ ----- --------- --------- ------- -------    ------- -------    ------- -------    ----
   1 !   27.0   0.1   7.4e-09    0.0037       1      22 [.      38      59 .]      38      59 .] 0.93

>> F7LEX9.1  F7LEX9_BACOV Putative uncharacterized protein (Fragment)
   #    score  bias  c-Evalue  i-Evalue hmmfrom  hmm to    alifrom  ali to    envfrom  env to     acc
 ---   ------ ----- --------- --------- ------- -------    ------- -------    ------- -------    ----
   1 !   27.2   0.0   6.6e-09    0.0033       1      22 [.      11      32 .]      11      32 .] 0.94

>> Q8X4F0.1  Q8X4F0_ECO57 Putative uncharacterized protein
   #    score  bias  c-Evalue  i-Evalue hmmfrom  hmm to    alifrom  ali to    envfrom  env to     acc
 ---   ------ ----- --------- --------- ------- -------    ------- -------    ------- -------    ----
   1 !   25.5   0.1   2.3e-08     0.011       1      22 [.      95     116 .]      95     116 .] 0.93

>> I0IKQ5.1  I0IKQ5_9BACT Putative integrase
   #    score  bias  c-Evalue  i-Evalue hmmfrom  hmm to    alifrom  ali to    envfrom  env to     acc
 ---   ------ ----- --------- --------- ------- -------    ------- -------    ------- -------    ----
   1 !   26.3   0.5   1.3e-08    0.0063       1      25 []     170     193 ..     170     193 .. 0.93

>> Q4N4V1.1  Q4N4V1_THEPA Putative uncharacterized protein
   #    score  bias  c-Evalue  i-Evalue hmmfrom  hmm to    alifrom  ali to    envfrom  env to     acc
 ---   ------ ----- --------- --------- ------- -------    ------- -------    ------- -------    ----
   1 !   26.5   0.0   1.1e-08    0.0055       1      24 [.       6      29 ..       6      30 .. 0.95

>> E9HTK1.1  E9HTK1_DAPPU Putative uncharacterized protein
   #    score  bias  c-Evalue  i-Evalue hmmfrom  hmm to    alifrom  ali to    envfrom  env to     acc
 ---   ------ ----- --------- --------- ------- -------    ------- -------    ------- -------    ----
   1 !    8.9   0.0    0.0044   2.2e+03       4      18 ..     118     132 ..     115     133 .. 0.88

>> I0G5K2.1  I0G5K2_9BRAD Uncharacterized protein
   #    score  bias  c-Evalue  i-Evalue hmmfrom  hmm to    alifrom  ali to    envfrom  env to     acc
 ---   ------ ----- --------- --------- ------- -------    ------- -------    ------- -------    ----
   1 !   25.9   0.0   1.7e-08    0.0084       3      25 .]       1      22 [.       1      22 [. 0.95

>> C3JI39.1  C3JI39_RHOER Putative uncharacterized protein
   #    score  bias  c-Evalue  i-Evalue hmmfrom  hmm to    alifrom  ali to    envfrom  env to     acc
 ---   ------ ----- --------- --------- ------- -------    ------- -------    ------- -------    ----
   1 !   26.5   0.7   1.1e-08    0.0054       1      20 [.      18      37 .]      18      37 .] 0.96

>> G9L6C0.1  G9L6C0_9CAUD Uncharacterized protein
   #    score  bias  c-Evalue  i-Evalue hmmfrom  hmm to    alifrom  ali to    envfrom  env to     acc
 ---   ------ ----- --------- --------- ------- -------    ------- -------    ------- -------    ----
   1 !   25.7   0.0     2e-08    0.0099       1      22 [.      62      83 .]      62      83 .] 0.91

>> Q287B4.2  Q287B4_9CAUD Putative uncharacterized protein
   #    score  bias  c-Evalue  i-Evalue hmmfrom  hmm to    alifrom  ali to    envfrom  env to     acc
 ---   ------ ----- --------- --------- ------- -------    ------- -------    ------- -------    ----
   1 !   25.7   0.0     2e-08    0.0099       1      22 [.      62      83 .]      62      83 .] 0.91

>> D5MGK8.1  D5MGK8_9BACT Uncharacterized protein
   #    score  bias  c-Evalue  i-Evalue hmmfrom  hmm to    alifrom  ali to    envfrom  env to     acc
 ---   ------ ----- --------- --------- ------- -------    ------- -------    ------- -------    ----
   1 !   26.0   0.5   1.6e-08    0.0079       1      25 []      32      56 ..      32      56 .. 0.97

>> A1AE22.1  A1AE22_ECOK1 Putative uncharacterized protein
   #    score  bias  c-Evalue  i-Evalue hmmfrom  hmm to    alifrom  ali to    envfrom  env to     acc
 ---   ------ ----- --------- --------- ------- -------    ------- -------    ------- -------    ----
   1 !   25.7   0.0     2e-08    0.0099       1      22 [.      62      83 .]      62      83 .] 0.91

>> A4VQL3.1  A4VQL3_PSEU5 Putative uncharacterized protein
   #    score  bias  c-Evalue  i-Evalue hmmfrom  hmm to    alifrom  ali to    envfrom  env to     acc
 ---   ------ ----- --------- --------- ------- -------    ------- -------    ------- -------    ----
   1 !   26.0   0.0   1.5e-08    0.0077       1      20 [.      33      51 ..      33      51 .. 0.95

>> Q8W7G6.1  Q8W7G6_PSINU Putative uncharacterized protein
   #    score  bias  c-Evalue  i-Evalue hmmfrom  hmm to    alifrom  ali to    envfrom  env to     acc
 ---   ------ ----- --------- --------- ------- -------    ------- -------    ------- -------    ----
   1 !   25.5   0.2   2.3e-08     0.011       2      23 ..      53      73 ..      53      75 .. 0.91

>> A3IJG9.1  A3IJG9_9CHRO Putative uncharacterized protein
   #    score  bias  c-Evalue  i-Evalue hmmfrom  hmm to    alifrom  ali to    envfrom  env to     acc
 ---   ------ ----- --------- --------- ------- -------    ------- -------    ------- -------    ----
   1 !   26.4   0.1   1.2e-08    0.0059       5      22 ..       5      22 .]       2      22 .] 0.96

>> H0U083.1  H0U083_9BRAD Protoporphyrin oxidase, flavoprotein
   #    score  bias  c-Evalue  i-Evalue hmmfrom  hmm to    alifrom  ali to    envfrom  env to     acc
 ---   ------ ----- --------- --------- ------- -------    ------- -------    ------- -------    ----
   1 !   25.6   0.1   2.2e-08     0.011       1      25 []       4      28 ..       4      28 .. 0.94

>> A8UXU9.1  A8UXU9_9AQUI Putative uncharacterized protein
   #    score  bias  c-Evalue  i-Evalue hmmfrom  hmm to    alifrom  ali to    envfrom  env to     acc
 ---   ------ ----- --------- --------- ------- -------    ------- -------    ------- -------    ----
   1 !   25.9   0.5   1.7e-08    0.0088       4      19 ..       4      19 ..       2      25 .. 0.83

>> G7I5J2.1  G7I5J2_MEDTR NAD(P)H-quinone oxidoreductase chain (Fragment)
   #    score  bias  c-Evalue  i-Evalue hmmfrom  hmm to    alifrom  ali to    envfrom  env to     acc
 ---   ------ ----- --------- --------- ------- -------    ------- -------    ------- -------    ----
   1 !   26.1   0.3   1.5e-08    0.0076       4      24 ..      10      30 ..       8      31 .] 0.91

>> Q1MM54.1  Q1MM54_RHIL3 Putative uncharacterized protein
   #    score  bias  c-Evalue  i-Evalue hmmfrom  hmm to    alifrom  ali to    envfrom  env to     acc
 ---   ------ ----- --------- --------- ------- -------    ------- -------    ------- -------    ----
   1 !   25.1   0.0     3e-08     0.015       1      24 [.       2      25 ..       2      26 .. 0.94

>> E9VHV3.1  E9VHV3_ECOLX Putative uncharacterized protein
   #    score  bias  c-Evalue  i-Evalue hmmfrom  hmm to    alifrom  ali to    envfrom  env to     acc
 ---   ------ ----- --------- --------- ------- -------    ------- -------    ------- -------    ----
   1 !   25.0   0.0   3.3e-08     0.017       1      22 [.      91     112 .]      91     112 .] 0.91

>> F7N707.1  F7N707_XYLFA Putative uncharacterized protein
   #    score  bias  c-Evalue  i-Evalue hmmfrom  hmm to    alifrom  ali to    envfrom  env to     acc
 ---   ------ ----- --------- --------- ------- -------    ------- -------    ------- -------    ----
   1 !   25.0   0.2   3.3e-08     0.017       2      20 ..     124     141 ..     124     141 .. 0.94

>> D8G0U9.1  D8G0U9_9CYAN Putative uncharacterized protein
   #    score  bias  c-Evalue  i-Evalue hmmfrom  hmm to    alifrom  ali to    envfrom  env to     acc
 ---   ------ ----- --------- --------- ------- -------    ------- -------    ------- -------    ----
   1 !   23.6   0.1   9.4e-08     0.047       2      25 .]       4      27 ..       4      27 .. 0.96

>> A4NJZ3.1  A4NJZ3_HAEIF Putative uncharacterized protein
   #    score  bias  c-Evalue  i-Evalue hmmfrom  hmm to    alifrom  ali to    envfrom  env to     acc
 ---   ------ ----- --------- --------- ------- -------    ------- -------    ------- -------    ----
   1 !   25.6   0.1   2.2e-08     0.011       1      20 [.      22      40 ..      22      40 .. 0.95

>> G8AZG8.1  G8AZG8_AZOBR Putative uncharacterized protein
   #    score  bias  c-Evalue  i-Evalue hmmfrom  hmm to    alifrom  ali to    envfrom  env to     acc
 ---   ------ ----- --------- --------- ------- -------    ------- -------    ------- -------    ----
   1 !   25.3   0.0   2.6e-08     0.013       3      24 ..      33      54 ..      31      55 .. 0.93



Internal pipeline statistics summary:
-------------------------------------
Query model(s):                            1  (25 nodes)
Target sequences:                   23193494  (7597456855 residues)
Passed MSV filter:                    351637  (0.015161); expected 463869.9 (0.02)
Passed bias filter:                   272336  (0.0117419); expected 463869.9 (0.02)
Passed Vit filter:                     18074  (0.00077927); expected 23193.5 (0.001)
Passed Fwd filter:                       713  (3.07414e-05); expected 231.9 (1e-05)
Initial search space (Z):           23193494  [actual number of targets]
Domain search space  (domZ):              46  [number of targets reported over threshold]
# CPU time: 297.51u 8.61s 00:05:06.12 Elapsed: 00:01:57.82
# Mc/sec: 1612.09
//
Query:       Spurious_ORF_12  [M=25]
Accession:   ANF00012
Description: tRNA translation
Scores for complete sequences (score includes all domains):
   --- full sequence ---   --- best 1 domain ---    -#dom-
    E-value  score  bias    E-value  score  bias    exp  N  Sequence Description
    ------- ------ -----    ------- ------ -----   ---- --  -------- -----------
    3.4e-10   48.9   0.2    1.1e+02   12.3   0.0    5.3  5  H2Y8W0.1 H2Y8W0_CIOSA Uncharacterized protein (Fragment)
    1.3e-05   34.3   0.2    3.9e+03    7.4   0.0    5.3  4  H2YKW3.1 H2YKW3_CIOSA Uncharacterized protein (Fragment)
    0.00017   30.8   3.0       0.02   24.2   0.2    2.3  2  B0RSE9.1 B0RSE9_XANCB Putative uncharacterized protein
    0.00024   30.3  18.3    4.1e+04    4.2   0.0   11.2  0  C3ZVP7.1 C3ZVP7_BRAFL Putative uncharacterized protein (Frag
     0.0062   25.9   0.1      0.012   24.9   0.1    1.5  1  B4VF07.1 B4VF07_9ACTO Putative uncharacterized protein
     0.0069   25.7   0.0      0.018   24.4   0.0    1.8  1  Q7UC35.1 Q7UC35_SHIFL Putative uncharacterized protein
     0.0083   25.5   0.0      0.022   24.1   0.0    1.7  1  A0Y6D7.1 A0Y6D7_9GAMM Putative uncharacterized protein


Domain annotation for each sequence:
>> H2Y8W0.1  H2Y8W0_CIOSA Uncharacterized protein (Fragment)
   #    score  bias  c-Evalue  i-Evalue hmmfrom  hmm to    alifrom  ali to    envfrom  env to     acc
 ---   ------ ----- --------- --------- ------- -------    ------- -------    ------- -------    ----
   1 !    7.4   0.0    0.0012   3.9e+03       5      16 ..      19      30 ..      17      31 .. 0.90
   2 !   12.3   0.0   3.4e-05   1.1e+02       5      18 ..      59      72 ..      58      72 .. 0.92
   3 !    4.7   0.0    0.0082   2.7e+04       5      18 ..      99     112 ..      97     112 .. 0.89
   4 !    8.8   0.0   0.00044   1.5e+03       5      18 ..     139     152 ..     137     152 .. 0.90
   5 !    8.8   0.0   0.00044   1.5e+03       5      18 ..     179     192 ..     177     192 .. 0.90

>> H2YKW3.1  H2YKW3_CIOSA Uncharacterized protein (Fragment)
   #    score  bias  c-Evalue  i-Evalue hmmfrom  hmm to    alifrom  ali to    envfrom  env to     acc
 ---   ------ ----- --------- --------- ------- -------    ------- -------    ------- -------    ----
   1 !    7.4   0.0    0.0012   3.9e+03       5      16 ..      60      71 ..      58      72 .. 0.90
   2 !    7.4   0.0    0.0012     4e+03       5      16 ..     100     111 ..      98     111 .. 0.89
   3 !    5.9   0.0    0.0037   1.2e+04       5      16 ..     140     151 ..     138     152 .. 0.87
   4 !    4.7   0.0    0.0083   2.7e+04       5      18 ..     180     193 ..     178     193 .. 0.89

>> B0RSE9.1  B0RSE9_XANCB Putative uncharacterized protein
   #    score  bias  c-Evalue  i-Evalue hmmfrom  hmm to    alifrom  ali to    envfrom  env to     acc
 ---   ------ ----- --------- --------- ------- -------    ------- -------    ------- -------    ----
   1 !    7.0   0.1    0.0016   5.2e+03       1       9 [.      17      25 ..      17      25 .. 0.94
   2 !   24.2   0.2     6e-09      0.02       1      25 []      58      82 ..      58      82 .. 0.96

>> C3ZVP7.1  C3ZVP7_BRAFL Putative uncharacterized protein (Fragment)
   [No individual domains that satisfy reporting thresholds (although complete target did)]

>> B4VF07.1  B4VF07_9ACTO Putative uncharacterized protein
   #    score  bias  c-Evalue  i-Evalue hmmfrom  hmm to    alifrom  ali to    envfrom  env to     acc
 ---   ------ ----- --------- --------- ------- -------    ------- -------    ------- -------    ----
   1 !   24.9   0.1   3.6e-09     0.012       1      23 [.      19      41 ..      19      43 .. 0.91

>> Q7UC35.1  Q7UC35_SHIFL Putative uncharacterized protein
   #    score  bias  c-Evalue  i-Evalue hmmfrom  hmm to    alifrom  ali to    envfrom  env to     acc
 ---   ------ ----- --------- --------- ------- -------    ------- -------    ------- -------    ----
   1 !   24.4   0.0   5.4e-09     0.018       1      25 []      71      95 ..      71      95 .. 0.97

>> A0Y6D7.1  A0Y6D7_9GAMM Putative uncharacterized protein
   #    score  bias  c-Evalue  i-Evalue hmmfrom  hmm to    alifrom  ali to    envfrom  env to     acc
 ---   ------ ----- --------- --------- ------- -------    ------- -------    ------- -------    ----
   1 !   24.1   0.0   6.6e-09     0.022       1      25 []      16      40 ..      16      40 .. 0.97



Internal pipeline statistics summary:
-------------------------------------
Query model(s):                            1  (25 nodes)
Target sequences:                   23193494  (7597456855 residues)
Passed MSV filter:                    448727  (0.0193471); expected 463869.9 (0.02)
Passed bias filter:                   364935  (0.0157344); expected 463869.9 (0.02)
Passed Vit filter:                     23087  (0.000995408); expected 23193.5 (0.001)
Passed Fwd filter:                       594  (2.56106e-05); expected 231.9 (1e-05)
Initial search space (Z):           23193494  [actual number of targets]
Domain search space  (domZ):               7  [number of targets reported over threshold]
# CPU time: 301.24u 8.48s 00:05:09.72 Elapsed: 00:01:57.86
# Mc/sec: 1611.54
//
